<?xml version="1.0" encoding="UTF-8" ?>
<testsuite failures="0" time="4.027" errors="1" skipped="0" tests="1" name="com.test.service.AdminServiceTest">
  <properties>
[...]
</properties>
  <testcase time="4.027" classname="com.test.service.AdminServiceTest" name="testEditAdmin">
    <error message="Unresolved compilation problem: 
	The method editAdmin(Admin) of type AdminServiceImpl must override a superclass method
" type="java.lang.Error">java.lang.Error: Unresolved compilation problem: 
	The method editAdmin(Admin) of type AdminServiceImpl must override a superclass method

	at com.phn.bookhouse.service.impl.AdminServiceImpl.editAdmin(AdminServiceImpl.java:39)
	at com.test.service.AdminServiceTest.testEditAdmin(AdminServiceTest.java:87)
	at sun.reflect.NativeMethodAccessorImpl.invoke0(Native Method)
	at sun.reflect.NativeMethodAccessorImpl.invoke(NativeMethodAccessorImpl.java:57)
	at sun.reflect.DelegatingMethodAccessorImpl.invoke(DelegatingMethodAccessorImpl.java:43)
	at java.lang.reflect.Method.invoke(Method.java:606)
	at org.junit.runners.model.FrameworkMethod$1.runReflectiveCall(FrameworkMethod.java:47)
	at org.junit.internal.runners.model.ReflectiveCallable.run(ReflectiveCallable.java:12)
	at org.junit.runners.model.FrameworkMethod.invokeExplosively(FrameworkMethod.java:44)
	at org.junit.internal.runners.statements.InvokeMethod.evaluate(InvokeMethod.java:17)
	at org.junit.internal.runners.statements.RunBefores.evaluate(RunBefores.java:26)
	at org.junit.runners.ParentRunner.runLeaf(ParentRunner.java:271)
	at org.junit.runners.BlockJUnit4ClassRunner.runChild(BlockJUnit4ClassRunner.java:70)
	at org.junit.runners.BlockJUnit4ClassRunner.runChild(BlockJUnit4ClassRunner.java:50)
	at org.junit.runners.ParentRunner$3.run(ParentRunner.java:238)
	at org.junit.runners.ParentRunner$1.schedule(ParentRunner.java:63)
	at org.junit.runners.ParentRunner.runChildren(ParentRunner.java:236)
	at org.junit.runners.ParentRunner.access$000(ParentRunner.java:53)
	at org.junit.runners.ParentRunner$2.evaluate(ParentRunner.java:229)
	at org.junit.runners.ParentRunner.run(ParentRunner.java:309)
	at org.apache.maven.surefire.junit4.JUnit4Provider.execute(JUnit4Provider.java:252)
	at org.apache.maven.surefire.junit4.JUnit4Provider.executeTestSet(JUnit4Provider.java:141)
	at org.apache.maven.surefire.junit4.JUnit4Provider.invoke(JUnit4Provider.java:112)
	at sun.reflect.NativeMethodAccessorImpl.invoke0(Native Method)
	at sun.reflect.NativeMethodAccessorImpl.invoke(NativeMethodAccessorImpl.java:57)
	at sun.reflect.DelegatingMethodAccessorImpl.invoke(DelegatingMethodAccessorImpl.java:43)
	at java.lang.reflect.Method.invoke(Method.java:606)
	at org.apache.maven.surefire.util.ReflectionUtils.invokeMethodWithArray(ReflectionUtils.java:189)
	at org.apache.maven.surefire.booter.ProviderFactory$ProviderProxy.invoke(ProviderFactory.java:165)
	at org.apache.maven.surefire.booter.ProviderFactory.invokeProvider(ProviderFactory.java:85)
	at org.apache.maven.surefire.booter.ForkedBooter.runSuitesInProcess(ForkedBooter.java:115)
	at org.apache.maven.surefire.booter.ForkedBooter.main(ForkedBooter.java:75)
</error>
    <system-out>2014-11-15 15:33:58 [org.springframework.core.env.StandardEnvironment]-[DEBUG] Initializing new StandardEnvironment
2014-11-15 15:33:58 [org.springframework.core.env.StandardEnvironment]-[DEBUG] Adding [systemProperties] PropertySource with lowest search precedence
2014-11-15 15:33:58 [org.springframework.core.env.StandardEnvironment]-[DEBUG] Adding [systemEnvironment] PropertySource with lowest search precedence
2014-11-15 15:33:58 [org.springframework.core.env.StandardEnvironment]-[DEBUG] Initialized StandardEnvironment with PropertySources [systemProperties,systemEnvironment]
2014-11-15 15:33:58 [org.springframework.context.support.ClassPathXmlApplicationContext]-[INFO] Refreshing org.springframework.context.support.ClassPathXmlApplicationContext@552cf9bd: startup date [Sat Nov 15 15:33:58 CST 2014]; root of context hierarchy
2014-11-15 15:33:58 [org.springframework.core.env.StandardEnvironment]-[DEBUG] Initializing new StandardEnvironment
2014-11-15 15:33:58 [org.springframework.core.env.StandardEnvironment]-[DEBUG] Adding [systemProperties] PropertySource with lowest search precedence
2014-11-15 15:33:58 [org.springframework.core.env.StandardEnvironment]-[DEBUG] Adding [systemEnvironment] PropertySource with lowest search precedence
2014-11-15 15:33:58 [org.springframework.core.env.StandardEnvironment]-[DEBUG] Initialized StandardEnvironment with PropertySources [systemProperties,systemEnvironment]
2014-11-15 15:33:58 [org.springframework.beans.factory.xml.XmlBeanDefinitionReader]-[INFO] Loading XML bean definitions from class path resource [spring.xml]
2014-11-15 15:33:58 [org.springframework.beans.factory.xml.DefaultDocumentLoader]-[DEBUG] Using JAXP provider [com.sun.org.apache.xerces.internal.jaxp.DocumentBuilderFactoryImpl]
2014-11-15 15:33:58 [org.springframework.beans.factory.xml.PluggableSchemaResolver]-[DEBUG] Trying to resolve XML entity with public id [null] and system id [http://www.springframework.org/schema/beans/spring-beans-3.0.xsd]
2014-11-15 15:33:58 [org.springframework.beans.factory.xml.PluggableSchemaResolver]-[DEBUG] Loading schema mappings from [META-INF/spring.schemas]
2014-11-15 15:33:58 [org.springframework.beans.factory.xml.PluggableSchemaResolver]-[DEBUG] Loaded schema mappings: {http://mybatis.org/schema/mybatis-spring-1.2.xsd=org/mybatis/spring/config/mybatis-spring-1.2.xsd, http://www.springframework.org/schema/oxm/spring-oxm-3.0.xsd=org/springframework/oxm/config/spring-oxm-3.0.xsd, http://www.springframework.org/schema/util/spring-util.xsd=org/springframework/beans/factory/xml/spring-util-3.2.xsd, http://www.springframework.org/schema/jee/spring-jee-3.2.xsd=org/springframework/ejb/config/spring-jee-3.2.xsd, http://www.springframework.org/schema/mvc/spring-mvc-3.1.xsd=org/springframework/web/servlet/config/spring-mvc-3.1.xsd, http://www.springframework.org/schema/task/spring-task.xsd=org/springframework/scheduling/config/spring-task-3.2.xsd, http://www.springframework.org/schema/beans/spring-beans-3.1.xsd=org/springframework/beans/factory/xml/spring-beans-3.1.xsd, http://www.springframework.org/schema/cache/spring-cache.xsd=org/springframework/cache/config/spring-cache-3.2.xsd, http://www.springframework.org/schema/aop/spring-aop-3.0.xsd=org/springframework/aop/config/spring-aop-3.0.xsd, http://www.springframework.org/schema/aop/spring-aop-2.0.xsd=org/springframework/aop/config/spring-aop-2.0.xsd, http://www.springframework.org/schema/task/spring-task-3.1.xsd=org/springframework/scheduling/config/spring-task-3.1.xsd, http://www.springframework.org/schema/oxm/spring-oxm.xsd=org/springframework/oxm/config/spring-oxm-3.2.xsd, http://www.springframework.org/schema/tool/spring-tool-2.5.xsd=org/springframework/beans/factory/xml/spring-tool-2.5.xsd, http://www.springframework.org/schema/beans/spring-beans.xsd=org/springframework/beans/factory/xml/spring-beans-3.2.xsd, http://www.springframework.org/schema/jee/spring-jee-2.5.xsd=org/springframework/ejb/config/spring-jee-2.5.xsd, http://www.springframework.org/schema/jdbc/spring-jdbc-3.1.xsd=org/springframework/jdbc/config/spring-jdbc-3.1.xsd, http://www.springframework.org/schema/tool/spring-tool-3.1.xsd=org/springframework/beans/factory/xml/spring-tool-3.1.xsd, http://www.springframework.org/schema/aop/spring-aop.xsd=org/springframework/aop/config/spring-aop-3.2.xsd, http://www.springframework.org/schema/jee/spring-jee-3.1.xsd=org/springframework/ejb/config/spring-jee-3.1.xsd, http://www.springframework.org/schema/tx/spring-tx-3.2.xsd=org/springframework/transaction/config/spring-tx-3.2.xsd, http://www.springframework.org/schema/context/spring-context-3.2.xsd=org/springframework/context/config/spring-context-3.2.xsd, http://www.springframework.org/schema/beans/spring-beans-2.0.xsd=org/springframework/beans/factory/xml/spring-beans-2.0.xsd, http://www.springframework.org/schema/util/spring-util-3.2.xsd=org/springframework/beans/factory/xml/spring-util-3.2.xsd, http://www.springframework.org/schema/mvc/spring-mvc-3.0.xsd=org/springframework/web/servlet/config/spring-mvc-3.0.xsd, http://www.springframework.org/schema/lang/spring-lang-3.2.xsd=org/springframework/scripting/config/spring-lang-3.2.xsd, http://www.springframework.org/schema/beans/spring-beans-3.0.xsd=org/springframework/beans/factory/xml/spring-beans-3.0.xsd, http://www.springframework.org/schema/cache/spring-cache-3.2.xsd=org/springframework/cache/config/spring-cache-3.2.xsd, http://www.springframework.org/schema/task/spring-task-3.0.xsd=org/springframework/scheduling/config/spring-task-3.0.xsd, http://mybatis.org/schema/mybatis-spring.xsd=org/mybatis/spring/config/mybatis-spring-1.2.xsd, http://www.springframework.org/schema/oxm/spring-oxm-3.2.xsd=org/springframework/oxm/config/spring-oxm-3.2.xsd, http://www.springframework.org/schema/tx/spring-tx-2.5.xsd=org/springframework/transaction/config/spring-tx-2.5.xsd, http://www.springframework.org/schema/context/spring-context-2.5.xsd=org/springframework/context/config/spring-context-2.5.xsd, http://www.springframework.org/schema/jdbc/spring-jdbc-3.0.xsd=org/springframework/jdbc/config/spring-jdbc-3.0.xsd, http://www.springframework.org/schema/tool/spring-tool-3.0.xsd=org/springframework/beans/factory/xml/spring-tool-3.0.xsd, http://www.springframework.org/schema/tx/spring-tx.xsd=org/springframework/transaction/config/spring-tx-3.2.xsd, http://www.springframework.org/schema/tool/spring-tool-2.0.xsd=org/springframework/beans/factory/xml/spring-tool-2.0.xsd, http://www.springframework.org/schema/util/spring-util-2.5.xsd=org/springframework/beans/factory/xml/spring-util-2.5.xsd, http://www.springframework.org/schema/lang/spring-lang.xsd=org/springframework/scripting/config/spring-lang-3.2.xsd, http://www.springframework.org/schema/lang/spring-lang-2.5.xsd=org/springframework/scripting/config/spring-lang-2.5.xsd, http://www.springframework.org/schema/aop/spring-aop-3.2.xsd=org/springframework/aop/config/spring-aop-3.2.xsd, http://www.springframework.org/schema/jee/spring-jee-3.0.xsd=org/springframework/ejb/config/spring-jee-3.0.xsd, http://www.springframework.org/schema/tx/spring-tx-3.1.xsd=org/springframework/transaction/config/spring-tx-3.1.xsd, http://www.springframework.org/schema/jee/spring-jee-2.0.xsd=org/springframework/ejb/config/spring-jee-2.0.xsd, http://www.springframework.org/schema/context/spring-context-3.1.xsd=org/springframework/context/config/spring-context-3.1.xsd, http://www.springframework.org/schema/util/spring-util-3.1.xsd=org/springframework/beans/factory/xml/spring-util-3.1.xsd, http://www.springframework.org/schema/lang/spring-lang-3.1.xsd=org/springframework/scripting/config/spring-lang-3.1.xsd, http://www.springframework.org/schema/cache/spring-cache-3.1.xsd=org/springframework/cache/config/spring-cache-3.1.xsd, http://www.springframework.org/schema/context/spring-context.xsd=org/springframework/context/config/spring-context-3.2.xsd, http://www.springframework.org/schema/jee/spring-jee.xsd=org/springframework/ejb/config/spring-jee-3.2.xsd, http://www.springframework.org/schema/oxm/spring-oxm-3.1.xsd=org/springframework/oxm/config/spring-oxm-3.1.xsd, http://www.springframework.org/schema/aop/spring-aop-2.5.xsd=org/springframework/aop/config/spring-aop-2.5.xsd, http://www.springframework.org/schema/mvc/spring-mvc.xsd=org/springframework/web/servlet/config/spring-mvc-3.2.xsd, http://www.springframework.org/schema/mvc/spring-mvc-3.2.xsd=org/springframework/web/servlet/config/spring-mvc-3.2.xsd, http://www.springframework.org/schema/jdbc/spring-jdbc.xsd=org/springframework/jdbc/config/spring-jdbc-3.2.xsd, http://www.springframework.org/schema/beans/spring-beans-3.2.xsd=org/springframework/beans/factory/xml/spring-beans-3.2.xsd, http://www.springframework.org/schema/aop/spring-aop-3.1.xsd=org/springframework/aop/config/spring-aop-3.1.xsd, http://www.springframework.org/schema/tx/spring-tx-2.0.xsd=org/springframework/transaction/config/spring-tx-2.0.xsd, http://www.springframework.org/schema/task/spring-task-3.2.xsd=org/springframework/scheduling/config/spring-task-3.2.xsd, http://www.springframework.org/schema/tx/spring-tx-3.0.xsd=org/springframework/transaction/config/spring-tx-3.0.xsd, http://www.springframework.org/schema/context/spring-context-3.0.xsd=org/springframework/context/config/spring-context-3.0.xsd, http://www.springframework.org/schema/tool/spring-tool.xsd=org/springframework/beans/factory/xml/spring-tool-3.2.xsd, http://www.springframework.org/schema/util/spring-util-3.0.xsd=org/springframework/beans/factory/xml/spring-util-3.0.xsd, http://www.springframework.org/schema/lang/spring-lang-3.0.xsd=org/springframework/scripting/config/spring-lang-3.0.xsd, http://www.springframework.org/schema/util/spring-util-2.0.xsd=org/springframework/beans/factory/xml/spring-util-2.0.xsd, http://www.springframework.org/schema/lang/spring-lang-2.0.xsd=org/springframework/scripting/config/spring-lang-2.0.xsd, http://www.springframework.org/schema/jdbc/spring-jdbc-3.2.xsd=org/springframework/jdbc/config/spring-jdbc-3.2.xsd, http://www.springframework.org/schema/tool/spring-tool-3.2.xsd=org/springframework/beans/factory/xml/spring-tool-3.2.xsd, http://www.springframework.org/schema/beans/spring-beans-2.5.xsd=org/springframework/beans/factory/xml/spring-beans-2.5.xsd}
2014-11-15 15:33:58 [org.springframework.beans.factory.xml.PluggableSchemaResolver]-[DEBUG] Found XML schema [http://www.springframework.org/schema/beans/spring-beans-3.0.xsd] in classpath: org/springframework/beans/factory/xml/spring-beans-3.0.xsd
2014-11-15 15:33:58 [org.springframework.beans.factory.xml.PluggableSchemaResolver]-[DEBUG] Trying to resolve XML entity with public id [null] and system id [http://www.springframework.org/schema/context/spring-context.xsd]
2014-11-15 15:33:58 [org.springframework.beans.factory.xml.PluggableSchemaResolver]-[DEBUG] Found XML schema [http://www.springframework.org/schema/context/spring-context.xsd] in classpath: org/springframework/context/config/spring-context-3.2.xsd
2014-11-15 15:33:58 [org.springframework.beans.factory.xml.PluggableSchemaResolver]-[DEBUG] Trying to resolve XML entity with public id [null] and system id [http://www.springframework.org/schema/tool/spring-tool-3.2.xsd]
2014-11-15 15:33:58 [org.springframework.beans.factory.xml.PluggableSchemaResolver]-[DEBUG] Found XML schema [http://www.springframework.org/schema/tool/spring-tool-3.2.xsd] in classpath: org/springframework/beans/factory/xml/spring-tool-3.2.xsd
2014-11-15 15:33:58 [org.springframework.beans.factory.xml.DefaultBeanDefinitionDocumentReader]-[DEBUG] Loading bean definitions
2014-11-15 15:33:58 [org.springframework.beans.factory.xml.DefaultNamespaceHandlerResolver]-[DEBUG] Loaded NamespaceHandler mappings: {http://www.springframework.org/schema/p=org.springframework.beans.factory.xml.SimplePropertyNamespaceHandler, http://www.springframework.org/schema/mvc=org.springframework.web.servlet.config.MvcNamespaceHandler, http://www.springframework.org/schema/util=org.springframework.beans.factory.xml.UtilNamespaceHandler, http://www.springframework.org/schema/jee=org.springframework.ejb.config.JeeNamespaceHandler, http://www.springframework.org/schema/aop=org.springframework.aop.config.AopNamespaceHandler, http://www.springframework.org/schema/jdbc=org.springframework.jdbc.config.JdbcNamespaceHandler, http://www.springframework.org/schema/oxm=org.springframework.oxm.config.OxmNamespaceHandler, http://www.springframework.org/schema/cache=org.springframework.cache.config.CacheNamespaceHandler, http://mybatis.org/schema/mybatis-spring=org.mybatis.spring.config.NamespaceHandler, http://www.springframework.org/schema/c=org.springframework.beans.factory.xml.SimpleConstructorNamespaceHandler, http://www.springframework.org/schema/tx=org.springframework.transaction.config.TxNamespaceHandler, http://www.springframework.org/schema/task=org.springframework.scheduling.config.TaskNamespaceHandler, http://www.springframework.org/schema/lang=org.springframework.scripting.config.LangNamespaceHandler, http://www.springframework.org/schema/context=org.springframework.context.config.ContextNamespaceHandler}
2014-11-15 15:33:58 [org.springframework.core.env.StandardEnvironment]-[DEBUG] Initializing new StandardEnvironment
2014-11-15 15:33:58 [org.springframework.core.env.StandardEnvironment]-[DEBUG] Adding [systemProperties] PropertySource with lowest search precedence
2014-11-15 15:33:58 [org.springframework.core.env.StandardEnvironment]-[DEBUG] Adding [systemEnvironment] PropertySource with lowest search precedence
2014-11-15 15:33:58 [org.springframework.core.env.StandardEnvironment]-[DEBUG] Initialized StandardEnvironment with PropertySources [systemProperties,systemEnvironment]
2014-11-15 15:33:58 [org.springframework.core.io.support.PathMatchingResourcePatternResolver]-[DEBUG] Looking for matching resources in directory tree [E:\Workspaces\SpringMVC2014\BookHouse Maven Webapp\target\classes\com\phn\bookhouse\service]
2014-11-15 15:33:58 [org.springframework.core.io.support.PathMatchingResourcePatternResolver]-[DEBUG] Searching directory [E:\Workspaces\SpringMVC2014\BookHouse Maven Webapp\target\classes\com\phn\bookhouse\service] for files matching pattern [E:/Workspaces/SpringMVC2014/BookHouse Maven Webapp/target/classes/com/phn/bookhouse/service/**/*.class]
2014-11-15 15:33:58 [org.springframework.core.io.support.PathMatchingResourcePatternResolver]-[DEBUG] Searching directory [E:\Workspaces\SpringMVC2014\BookHouse Maven Webapp\target\classes\com\phn\bookhouse\service\impl] for files matching pattern [E:/Workspaces/SpringMVC2014/BookHouse Maven Webapp/target/classes/com/phn/bookhouse/service/**/*.class]
2014-11-15 15:33:58 [org.springframework.core.io.support.PathMatchingResourcePatternResolver]-[DEBUG] Resolved location pattern [classpath*:com/phn/bookhouse/service/**/*.class] to resources [file [E:\Workspaces\SpringMVC2014\BookHouse Maven Webapp\target\classes\com\phn\bookhouse\service\AdminService.class], file [E:\Workspaces\SpringMVC2014\BookHouse Maven Webapp\target\classes\com\phn\bookhouse\service\BookService.class], file [E:\Workspaces\SpringMVC2014\BookHouse Maven Webapp\target\classes\com\phn\bookhouse\service\HouseService.class], file [E:\Workspaces\SpringMVC2014\BookHouse Maven Webapp\target\classes\com\phn\bookhouse\service\impl\AdminServiceImpl.class], file [E:\Workspaces\SpringMVC2014\BookHouse Maven Webapp\target\classes\com\phn\bookhouse\service\impl\BookServiceImpl.class], file [E:\Workspaces\SpringMVC2014\BookHouse Maven Webapp\target\classes\com\phn\bookhouse\service\impl\HouseServiceImpl.class], file [E:\Workspaces\SpringMVC2014\BookHouse Maven Webapp\target\classes\com\phn\bookhouse\service\impl\TypeServiceImpl.class], file [E:\Workspaces\SpringMVC2014\BookHouse Maven Webapp\target\classes\com\phn\bookhouse\service\impl\UserServiceImpl.class], file [E:\Workspaces\SpringMVC2014\BookHouse Maven Webapp\target\classes\com\phn\bookhouse\service\TypeService.class], file [E:\Workspaces\SpringMVC2014\BookHouse Maven Webapp\target\classes\com\phn\bookhouse\service\UserService.class]]
2014-11-15 15:33:58 [org.springframework.context.annotation.ClassPathBeanDefinitionScanner]-[DEBUG] Scanning file [E:\Workspaces\SpringMVC2014\BookHouse Maven Webapp\target\classes\com\phn\bookhouse\service\AdminService.class]
2014-11-15 15:33:58 [org.springframework.context.annotation.ClassPathBeanDefinitionScanner]-[DEBUG] Ignored because not matching any filter: file [E:\Workspaces\SpringMVC2014\BookHouse Maven Webapp\target\classes\com\phn\bookhouse\service\AdminService.class]
2014-11-15 15:33:58 [org.springframework.context.annotation.ClassPathBeanDefinitionScanner]-[DEBUG] Scanning file [E:\Workspaces\SpringMVC2014\BookHouse Maven Webapp\target\classes\com\phn\bookhouse\service\BookService.class]
2014-11-15 15:33:58 [org.springframework.context.annotation.ClassPathBeanDefinitionScanner]-[DEBUG] Ignored because not matching any filter: file [E:\Workspaces\SpringMVC2014\BookHouse Maven Webapp\target\classes\com\phn\bookhouse\service\BookService.class]
2014-11-15 15:33:58 [org.springframework.context.annotation.ClassPathBeanDefinitionScanner]-[DEBUG] Scanning file [E:\Workspaces\SpringMVC2014\BookHouse Maven Webapp\target\classes\com\phn\bookhouse\service\HouseService.class]
2014-11-15 15:33:58 [org.springframework.context.annotation.ClassPathBeanDefinitionScanner]-[DEBUG] Ignored because not matching any filter: file [E:\Workspaces\SpringMVC2014\BookHouse Maven Webapp\target\classes\com\phn\bookhouse\service\HouseService.class]
2014-11-15 15:33:58 [org.springframework.context.annotation.ClassPathBeanDefinitionScanner]-[DEBUG] Scanning file [E:\Workspaces\SpringMVC2014\BookHouse Maven Webapp\target\classes\com\phn\bookhouse\service\impl\AdminServiceImpl.class]
2014-11-15 15:33:59 [org.springframework.context.annotation.ClassPathBeanDefinitionScanner]-[DEBUG] Identified candidate component class: file [E:\Workspaces\SpringMVC2014\BookHouse Maven Webapp\target\classes\com\phn\bookhouse\service\impl\AdminServiceImpl.class]
2014-11-15 15:33:59 [org.springframework.context.annotation.ClassPathBeanDefinitionScanner]-[DEBUG] Scanning file [E:\Workspaces\SpringMVC2014\BookHouse Maven Webapp\target\classes\com\phn\bookhouse\service\impl\BookServiceImpl.class]
2014-11-15 15:33:59 [org.springframework.context.annotation.ClassPathBeanDefinitionScanner]-[DEBUG] Identified candidate component class: file [E:\Workspaces\SpringMVC2014\BookHouse Maven Webapp\target\classes\com\phn\bookhouse\service\impl\BookServiceImpl.class]
2014-11-15 15:33:59 [org.springframework.context.annotation.ClassPathBeanDefinitionScanner]-[DEBUG] Scanning file [E:\Workspaces\SpringMVC2014\BookHouse Maven Webapp\target\classes\com\phn\bookhouse\service\impl\HouseServiceImpl.class]
2014-11-15 15:33:59 [org.springframework.context.annotation.ClassPathBeanDefinitionScanner]-[DEBUG] Identified candidate component class: file [E:\Workspaces\SpringMVC2014\BookHouse Maven Webapp\target\classes\com\phn\bookhouse\service\impl\HouseServiceImpl.class]
2014-11-15 15:33:59 [org.springframework.context.annotation.ClassPathBeanDefinitionScanner]-[DEBUG] Scanning file [E:\Workspaces\SpringMVC2014\BookHouse Maven Webapp\target\classes\com\phn\bookhouse\service\impl\TypeServiceImpl.class]
2014-11-15 15:33:59 [org.springframework.context.annotation.ClassPathBeanDefinitionScanner]-[DEBUG] Identified candidate component class: file [E:\Workspaces\SpringMVC2014\BookHouse Maven Webapp\target\classes\com\phn\bookhouse\service\impl\TypeServiceImpl.class]
2014-11-15 15:33:59 [org.springframework.context.annotation.ClassPathBeanDefinitionScanner]-[DEBUG] Scanning file [E:\Workspaces\SpringMVC2014\BookHouse Maven Webapp\target\classes\com\phn\bookhouse\service\impl\UserServiceImpl.class]
2014-11-15 15:33:59 [org.springframework.context.annotation.ClassPathBeanDefinitionScanner]-[DEBUG] Identified candidate component class: file [E:\Workspaces\SpringMVC2014\BookHouse Maven Webapp\target\classes\com\phn\bookhouse\service\impl\UserServiceImpl.class]
2014-11-15 15:33:59 [org.springframework.context.annotation.ClassPathBeanDefinitionScanner]-[DEBUG] Scanning file [E:\Workspaces\SpringMVC2014\BookHouse Maven Webapp\target\classes\com\phn\bookhouse\service\TypeService.class]
2014-11-15 15:33:59 [org.springframework.context.annotation.ClassPathBeanDefinitionScanner]-[DEBUG] Ignored because not matching any filter: file [E:\Workspaces\SpringMVC2014\BookHouse Maven Webapp\target\classes\com\phn\bookhouse\service\TypeService.class]
2014-11-15 15:33:59 [org.springframework.context.annotation.ClassPathBeanDefinitionScanner]-[DEBUG] Scanning file [E:\Workspaces\SpringMVC2014\BookHouse Maven Webapp\target\classes\com\phn\bookhouse\service\UserService.class]
2014-11-15 15:33:59 [org.springframework.context.annotation.ClassPathBeanDefinitionScanner]-[DEBUG] Ignored because not matching any filter: file [E:\Workspaces\SpringMVC2014\BookHouse Maven Webapp\target\classes\com\phn\bookhouse\service\UserService.class]
2014-11-15 15:33:59 [org.springframework.beans.factory.xml.XmlBeanDefinitionReader]-[DEBUG] Loaded 10 bean definitions from location pattern [classpath:spring.xml]
2014-11-15 15:33:59 [org.springframework.beans.factory.xml.XmlBeanDefinitionReader]-[INFO] Loading XML bean definitions from class path resource [spring-mybatis.xml]
2014-11-15 15:33:59 [org.springframework.beans.factory.xml.DefaultDocumentLoader]-[DEBUG] Using JAXP provider [com.sun.org.apache.xerces.internal.jaxp.DocumentBuilderFactoryImpl]
2014-11-15 15:33:59 [org.springframework.beans.factory.xml.PluggableSchemaResolver]-[DEBUG] Trying to resolve XML entity with public id [null] and system id [http://www.springframework.org/schema/beans/spring-beans-3.2.xsd]
2014-11-15 15:33:59 [org.springframework.beans.factory.xml.PluggableSchemaResolver]-[DEBUG] Found XML schema [http://www.springframework.org/schema/beans/spring-beans-3.2.xsd] in classpath: org/springframework/beans/factory/xml/spring-beans-3.2.xsd
2014-11-15 15:33:59 [org.springframework.beans.factory.xml.DefaultBeanDefinitionDocumentReader]-[DEBUG] Loading bean definitions
2014-11-15 15:33:59 [org.springframework.beans.factory.xml.BeanDefinitionParserDelegate]-[DEBUG] Neither XML &apos;id&apos; nor &apos;name&apos; specified - using generated bean name [org.mybatis.spring.mapper.MapperScannerConfigurer#0]
2014-11-15 15:33:59 [org.springframework.beans.factory.xml.XmlBeanDefinitionReader]-[DEBUG] Loaded 4 bean definitions from location pattern [classpath:spring-mybatis.xml]
2014-11-15 15:33:59 [org.springframework.context.support.ClassPathXmlApplicationContext]-[DEBUG] Bean factory for org.springframework.context.support.ClassPathXmlApplicationContext@552cf9bd: org.springframework.beans.factory.support.DefaultListableBeanFactory@6048c015: defining beans [org.springframework.context.support.PropertySourcesPlaceholderConfigurer#0,adminService,bookService,houseService,typeService,userServiceImpl,org.springframework.context.annotation.internalConfigurationAnnotationProcessor,org.springframework.context.annotation.internalAutowiredAnnotationProcessor,org.springframework.context.annotation.internalRequiredAnnotationProcessor,org.springframework.context.annotation.internalCommonAnnotationProcessor,dataSource,sqlSessionFactory,org.mybatis.spring.mapper.MapperScannerConfigurer#0,transactionManager]; root of factory hierarchy
2014-11-15 15:33:59 [org.springframework.beans.factory.support.DefaultListableBeanFactory]-[DEBUG] Creating shared instance of singleton bean &apos;org.springframework.context.annotation.internalConfigurationAnnotationProcessor&apos;
2014-11-15 15:33:59 [org.springframework.beans.factory.support.DefaultListableBeanFactory]-[DEBUG] Creating instance of bean &apos;org.springframework.context.annotation.internalConfigurationAnnotationProcessor&apos;
2014-11-15 15:33:59 [org.springframework.beans.factory.support.DefaultListableBeanFactory]-[DEBUG] Eagerly caching bean &apos;org.springframework.context.annotation.internalConfigurationAnnotationProcessor&apos; to allow for resolving potential circular references
2014-11-15 15:33:59 [org.springframework.beans.factory.support.DefaultListableBeanFactory]-[DEBUG] Finished creating instance of bean &apos;org.springframework.context.annotation.internalConfigurationAnnotationProcessor&apos;
2014-11-15 15:33:59 [org.springframework.beans.factory.support.DefaultListableBeanFactory]-[DEBUG] Creating shared instance of singleton bean &apos;org.mybatis.spring.mapper.MapperScannerConfigurer#0&apos;
2014-11-15 15:33:59 [org.springframework.beans.factory.support.DefaultListableBeanFactory]-[DEBUG] Creating instance of bean &apos;org.mybatis.spring.mapper.MapperScannerConfigurer#0&apos;
2014-11-15 15:33:59 [org.springframework.beans.factory.support.DefaultListableBeanFactory]-[DEBUG] Eagerly caching bean &apos;org.mybatis.spring.mapper.MapperScannerConfigurer#0&apos; to allow for resolving potential circular references
2014-11-15 15:33:59 [org.springframework.core.io.support.SpringFactoriesLoader]-[DEBUG] Loaded [org.springframework.beans.BeanInfoFactory] names: [org.springframework.beans.ExtendedBeanInfoFactory]
2014-11-15 15:33:59 [org.springframework.beans.CachedIntrospectionResults]-[DEBUG] Getting BeanInfo for class [org.mybatis.spring.mapper.MapperScannerConfigurer]
2014-11-15 15:33:59 [org.springframework.beans.CachedIntrospectionResults]-[DEBUG] Caching PropertyDescriptors for class [org.mybatis.spring.mapper.MapperScannerConfigurer]
2014-11-15 15:33:59 [org.springframework.beans.CachedIntrospectionResults]-[DEBUG] Found bean property &apos;addToConfig&apos; of type [boolean]
2014-11-15 15:33:59 [org.springframework.beans.CachedIntrospectionResults]-[DEBUG] Found bean property &apos;annotationClass&apos; of type [java.lang.Class]
2014-11-15 15:33:59 [org.springframework.beans.CachedIntrospectionResults]-[DEBUG] Found bean property &apos;applicationContext&apos; of type [org.springframework.context.ApplicationContext]
2014-11-15 15:33:59 [org.springframework.beans.CachedIntrospectionResults]-[DEBUG] Found bean property &apos;basePackage&apos; of type [java.lang.String]
2014-11-15 15:33:59 [org.springframework.beans.CachedIntrospectionResults]-[DEBUG] Found bean property &apos;beanName&apos; of type [java.lang.String]
2014-11-15 15:33:59 [org.springframework.beans.CachedIntrospectionResults]-[DEBUG] Found bean property &apos;class&apos; of type [java.lang.Class]
2014-11-15 15:33:59 [org.springframework.beans.CachedIntrospectionResults]-[DEBUG] Found bean property &apos;markerInterface&apos; of type [java.lang.Class]
2014-11-15 15:33:59 [org.springframework.beans.CachedIntrospectionResults]-[DEBUG] Found bean property &apos;nameGenerator&apos; of type [org.springframework.beans.factory.support.BeanNameGenerator]
2014-11-15 15:33:59 [org.springframework.beans.CachedIntrospectionResults]-[DEBUG] Found bean property &apos;processPropertyPlaceHolders&apos; of type [boolean]
2014-11-15 15:33:59 [org.springframework.beans.CachedIntrospectionResults]-[DEBUG] Found bean property &apos;sqlSessionFactory&apos; of type [org.apache.ibatis.session.SqlSessionFactory]
2014-11-15 15:33:59 [org.springframework.beans.CachedIntrospectionResults]-[DEBUG] Found bean property &apos;sqlSessionFactoryBeanName&apos; of type [java.lang.String]
2014-11-15 15:33:59 [org.springframework.beans.CachedIntrospectionResults]-[DEBUG] Found bean property &apos;sqlSessionTemplate&apos; of type [org.mybatis.spring.SqlSessionTemplate]
2014-11-15 15:33:59 [org.springframework.beans.CachedIntrospectionResults]-[DEBUG] Found bean property &apos;sqlSessionTemplateBeanName&apos; of type [java.lang.String]
2014-11-15 15:33:59 [org.springframework.beans.factory.support.DefaultListableBeanFactory]-[DEBUG] Invoking afterPropertiesSet() on bean with name &apos;org.mybatis.spring.mapper.MapperScannerConfigurer#0&apos;
2014-11-15 15:33:59 [org.springframework.beans.factory.support.DefaultListableBeanFactory]-[DEBUG] Finished creating instance of bean &apos;org.mybatis.spring.mapper.MapperScannerConfigurer#0&apos;
2014-11-15 15:33:59 [org.springframework.core.env.StandardEnvironment]-[DEBUG] Initializing new StandardEnvironment
2014-11-15 15:33:59 [org.springframework.core.env.StandardEnvironment]-[DEBUG] Adding [systemProperties] PropertySource with lowest search precedence
2014-11-15 15:33:59 [org.springframework.core.env.StandardEnvironment]-[DEBUG] Adding [systemEnvironment] PropertySource with lowest search precedence
2014-11-15 15:33:59 [org.springframework.core.env.StandardEnvironment]-[DEBUG] Initialized StandardEnvironment with PropertySources [systemProperties,systemEnvironment]
2014-11-15 15:33:59 [org.springframework.core.io.support.PathMatchingResourcePatternResolver]-[DEBUG] Looking for matching resources in directory tree [E:\Workspaces\SpringMVC2014\BookHouse Maven Webapp\target\classes\com\phn\bookhouse\dao]
2014-11-15 15:33:59 [org.springframework.core.io.support.PathMatchingResourcePatternResolver]-[DEBUG] Searching directory [E:\Workspaces\SpringMVC2014\BookHouse Maven Webapp\target\classes\com\phn\bookhouse\dao] for files matching pattern [E:/Workspaces/SpringMVC2014/BookHouse Maven Webapp/target/classes/com/phn/bookhouse/dao/**/*.class]
2014-11-15 15:33:59 [org.springframework.core.io.support.PathMatchingResourcePatternResolver]-[DEBUG] Resolved location pattern [classpath*:com/phn/bookhouse/dao/**/*.class] to resources [file [E:\Workspaces\SpringMVC2014\BookHouse Maven Webapp\target\classes\com\phn\bookhouse\dao\AdminDao.class], file [E:\Workspaces\SpringMVC2014\BookHouse Maven Webapp\target\classes\com\phn\bookhouse\dao\BookDao.class], file [E:\Workspaces\SpringMVC2014\BookHouse Maven Webapp\target\classes\com\phn\bookhouse\dao\HouseDao.class], file [E:\Workspaces\SpringMVC2014\BookHouse Maven Webapp\target\classes\com\phn\bookhouse\dao\TypeDao.class], file [E:\Workspaces\SpringMVC2014\BookHouse Maven Webapp\target\classes\com\phn\bookhouse\dao\UserDao.class]]
2014-11-15 15:33:59 [org.mybatis.spring.mapper.ClassPathMapperScanner]-[DEBUG] Scanning file [E:\Workspaces\SpringMVC2014\BookHouse Maven Webapp\target\classes\com\phn\bookhouse\dao\AdminDao.class]
2014-11-15 15:33:59 [org.mybatis.spring.mapper.ClassPathMapperScanner]-[DEBUG] Identified candidate component class: file [E:\Workspaces\SpringMVC2014\BookHouse Maven Webapp\target\classes\com\phn\bookhouse\dao\AdminDao.class]
2014-11-15 15:33:59 [org.mybatis.spring.mapper.ClassPathMapperScanner]-[DEBUG] Scanning file [E:\Workspaces\SpringMVC2014\BookHouse Maven Webapp\target\classes\com\phn\bookhouse\dao\BookDao.class]
2014-11-15 15:33:59 [org.mybatis.spring.mapper.ClassPathMapperScanner]-[DEBUG] Identified candidate component class: file [E:\Workspaces\SpringMVC2014\BookHouse Maven Webapp\target\classes\com\phn\bookhouse\dao\BookDao.class]
2014-11-15 15:33:59 [org.mybatis.spring.mapper.ClassPathMapperScanner]-[DEBUG] Scanning file [E:\Workspaces\SpringMVC2014\BookHouse Maven Webapp\target\classes\com\phn\bookhouse\dao\HouseDao.class]
2014-11-15 15:33:59 [org.mybatis.spring.mapper.ClassPathMapperScanner]-[DEBUG] Identified candidate component class: file [E:\Workspaces\SpringMVC2014\BookHouse Maven Webapp\target\classes\com\phn\bookhouse\dao\HouseDao.class]
2014-11-15 15:33:59 [org.mybatis.spring.mapper.ClassPathMapperScanner]-[DEBUG] Scanning file [E:\Workspaces\SpringMVC2014\BookHouse Maven Webapp\target\classes\com\phn\bookhouse\dao\TypeDao.class]
2014-11-15 15:33:59 [org.mybatis.spring.mapper.ClassPathMapperScanner]-[DEBUG] Identified candidate component class: file [E:\Workspaces\SpringMVC2014\BookHouse Maven Webapp\target\classes\com\phn\bookhouse\dao\TypeDao.class]
2014-11-15 15:33:59 [org.mybatis.spring.mapper.ClassPathMapperScanner]-[DEBUG] Scanning file [E:\Workspaces\SpringMVC2014\BookHouse Maven Webapp\target\classes\com\phn\bookhouse\dao\UserDao.class]
2014-11-15 15:33:59 [org.mybatis.spring.mapper.ClassPathMapperScanner]-[DEBUG] Identified candidate component class: file [E:\Workspaces\SpringMVC2014\BookHouse Maven Webapp\target\classes\com\phn\bookhouse\dao\UserDao.class]
2014-11-15 15:33:59 [org.mybatis.spring.mapper.ClassPathMapperScanner]-[DEBUG] Creating MapperFactoryBean with name &apos;adminDao&apos; and &apos;com.phn.bookhouse.dao.AdminDao&apos; mapperInterface
2014-11-15 15:33:59 [org.mybatis.spring.mapper.ClassPathMapperScanner]-[DEBUG] Creating MapperFactoryBean with name &apos;bookDao&apos; and &apos;com.phn.bookhouse.dao.BookDao&apos; mapperInterface
2014-11-15 15:33:59 [org.mybatis.spring.mapper.ClassPathMapperScanner]-[DEBUG] Creating MapperFactoryBean with name &apos;houseDao&apos; and &apos;com.phn.bookhouse.dao.HouseDao&apos; mapperInterface
2014-11-15 15:33:59 [org.mybatis.spring.mapper.ClassPathMapperScanner]-[DEBUG] Creating MapperFactoryBean with name &apos;typeDao&apos; and &apos;com.phn.bookhouse.dao.TypeDao&apos; mapperInterface
2014-11-15 15:33:59 [org.mybatis.spring.mapper.ClassPathMapperScanner]-[DEBUG] Creating MapperFactoryBean with name &apos;userDao&apos; and &apos;com.phn.bookhouse.dao.UserDao&apos; mapperInterface
2014-11-15 15:33:59 [org.springframework.beans.factory.support.DefaultListableBeanFactory]-[DEBUG] Creating shared instance of singleton bean &apos;org.springframework.context.support.PropertySourcesPlaceholderConfigurer#0&apos;
2014-11-15 15:33:59 [org.springframework.beans.factory.support.DefaultListableBeanFactory]-[DEBUG] Creating instance of bean &apos;org.springframework.context.support.PropertySourcesPlaceholderConfigurer#0&apos;
2014-11-15 15:33:59 [org.springframework.beans.factory.support.DefaultListableBeanFactory]-[DEBUG] Eagerly caching bean &apos;org.springframework.context.support.PropertySourcesPlaceholderConfigurer#0&apos; to allow for resolving potential circular references
2014-11-15 15:33:59 [org.springframework.beans.CachedIntrospectionResults]-[DEBUG] Getting BeanInfo for class [org.springframework.context.support.PropertySourcesPlaceholderConfigurer]
2014-11-15 15:33:59 [org.springframework.beans.CachedIntrospectionResults]-[DEBUG] Caching PropertyDescriptors for class [org.springframework.context.support.PropertySourcesPlaceholderConfigurer]
2014-11-15 15:33:59 [org.springframework.beans.CachedIntrospectionResults]-[DEBUG] Found bean property &apos;beanFactory&apos; of type [org.springframework.beans.factory.BeanFactory]
2014-11-15 15:33:59 [org.springframework.beans.CachedIntrospectionResults]-[DEBUG] Found bean property &apos;beanName&apos; of type [java.lang.String]
2014-11-15 15:33:59 [org.springframework.beans.CachedIntrospectionResults]-[DEBUG] Found bean property &apos;class&apos; of type [java.lang.Class]
2014-11-15 15:33:59 [org.springframework.beans.CachedIntrospectionResults]-[DEBUG] Found bean property &apos;environment&apos; of type [org.springframework.core.env.Environment]
2014-11-15 15:33:59 [org.springframework.beans.CachedIntrospectionResults]-[DEBUG] Found bean property &apos;fileEncoding&apos; of type [java.lang.String]
2014-11-15 15:33:59 [org.springframework.beans.CachedIntrospectionResults]-[DEBUG] Found bean property &apos;ignoreResourceNotFound&apos; of type [boolean]
2014-11-15 15:33:59 [org.springframework.beans.CachedIntrospectionResults]-[DEBUG] Found bean property &apos;ignoreUnresolvablePlaceholders&apos; of type [boolean]
2014-11-15 15:33:59 [org.springframework.beans.CachedIntrospectionResults]-[DEBUG] Found bean property &apos;localOverride&apos; of type [boolean]
2014-11-15 15:33:59 [org.springframework.beans.CachedIntrospectionResults]-[DEBUG] Found bean property &apos;location&apos; of type [org.springframework.core.io.Resource]
2014-11-15 15:33:59 [org.springframework.beans.CachedIntrospectionResults]-[DEBUG] Found bean property &apos;locations&apos; of type [[Lorg.springframework.core.io.Resource;]
2014-11-15 15:33:59 [org.springframework.beans.CachedIntrospectionResults]-[DEBUG] Found bean property &apos;nullValue&apos; of type [java.lang.String]
2014-11-15 15:33:59 [org.springframework.beans.CachedIntrospectionResults]-[DEBUG] Found bean property &apos;order&apos; of type [int]
2014-11-15 15:33:59 [org.springframework.beans.CachedIntrospectionResults]-[DEBUG] Found bean property &apos;placeholderPrefix&apos; of type [java.lang.String]
2014-11-15 15:33:59 [org.springframework.beans.CachedIntrospectionResults]-[DEBUG] Found bean property &apos;placeholderSuffix&apos; of type [java.lang.String]
2014-11-15 15:33:59 [org.springframework.beans.CachedIntrospectionResults]-[DEBUG] Found bean property &apos;properties&apos; of type [java.util.Properties]
2014-11-15 15:33:59 [org.springframework.beans.CachedIntrospectionResults]-[DEBUG] Found bean property &apos;propertiesArray&apos; of type [[Ljava.util.Properties;]
2014-11-15 15:33:59 [org.springframework.beans.CachedIntrospectionResults]-[DEBUG] Found bean property &apos;propertiesPersister&apos; of type [org.springframework.util.PropertiesPersister]
2014-11-15 15:33:59 [org.springframework.beans.CachedIntrospectionResults]-[DEBUG] Found bean property &apos;propertySources&apos; of type [org.springframework.core.env.PropertySources]
2014-11-15 15:33:59 [org.springframework.beans.CachedIntrospectionResults]-[DEBUG] Found bean property &apos;valueSeparator&apos; of type [java.lang.String]
2014-11-15 15:33:59 [org.springframework.beans.factory.support.DefaultListableBeanFactory]-[DEBUG] Finished creating instance of bean &apos;org.springframework.context.support.PropertySourcesPlaceholderConfigurer#0&apos;
2014-11-15 15:33:59 [org.springframework.core.env.MutablePropertySources]-[DEBUG] Adding [environmentProperties] PropertySource with lowest search precedence
2014-11-15 15:33:59 [org.springframework.context.support.PropertySourcesPlaceholderConfigurer]-[INFO] Loading properties file from class path resource [jdbc.properties]
2014-11-15 15:33:59 [org.springframework.core.env.MutablePropertySources]-[DEBUG] Adding [localProperties] PropertySource with lowest search precedence
2014-11-15 15:33:59 [org.springframework.core.env.PropertySourcesPropertyResolver]-[DEBUG] getProperty(&quot;jdbc_driverClassName&quot;, String)
2014-11-15 15:33:59 [org.springframework.core.env.PropertySourcesPropertyResolver]-[DEBUG] Searching for key &apos;jdbc_driverClassName&apos; in [environmentProperties]
2014-11-15 15:33:59 [org.springframework.core.env.PropertySourcesPropertyResolver]-[DEBUG] getProperty(&quot;jdbc_driverClassName&quot;, String)
2014-11-15 15:33:59 [org.springframework.core.env.PropertySourcesPropertyResolver]-[DEBUG] Searching for key &apos;jdbc_driverClassName&apos; in [systemProperties]
2014-11-15 15:33:59 [org.springframework.core.env.PropertySourcesPropertyResolver]-[DEBUG] Searching for key &apos;jdbc_driverClassName&apos; in [systemEnvironment]
2014-11-15 15:33:59 [org.springframework.core.env.SystemEnvironmentPropertySource]-[DEBUG] PropertySource [systemEnvironment] does not contain &apos;jdbc_driverClassName&apos;
2014-11-15 15:33:59 [org.springframework.core.env.SystemEnvironmentPropertySource]-[DEBUG] PropertySource [systemEnvironment] does not contain &apos;JDBC_DRIVERCLASSNAME&apos;
2014-11-15 15:33:59 [org.springframework.core.env.PropertySourcesPropertyResolver]-[DEBUG] Could not find key &apos;jdbc_driverClassName&apos; in any property source. Returning [null]
2014-11-15 15:33:59 [org.springframework.core.env.PropertySourcesPropertyResolver]-[DEBUG] Searching for key &apos;jdbc_driverClassName&apos; in [localProperties]
2014-11-15 15:33:59 [org.springframework.core.env.PropertySourcesPropertyResolver]-[DEBUG] Found key &apos;jdbc_driverClassName&apos; in [localProperties] with type [String] and value &apos;com.mysql.jdbc.Driver&apos;
2014-11-15 15:33:59 [org.springframework.util.PropertyPlaceholderHelper]-[DEBUG] Resolved placeholder &apos;jdbc_driverClassName&apos;
2014-11-15 15:33:59 [org.springframework.core.env.PropertySourcesPropertyResolver]-[DEBUG] getProperty(&quot;jdbc_url&quot;, String)
2014-11-15 15:33:59 [org.springframework.core.env.PropertySourcesPropertyResolver]-[DEBUG] Searching for key &apos;jdbc_url&apos; in [environmentProperties]
2014-11-15 15:33:59 [org.springframework.core.env.PropertySourcesPropertyResolver]-[DEBUG] getProperty(&quot;jdbc_url&quot;, String)
2014-11-15 15:33:59 [org.springframework.core.env.PropertySourcesPropertyResolver]-[DEBUG] Searching for key &apos;jdbc_url&apos; in [systemProperties]
2014-11-15 15:33:59 [org.springframework.core.env.PropertySourcesPropertyResolver]-[DEBUG] Searching for key &apos;jdbc_url&apos; in [systemEnvironment]
2014-11-15 15:33:59 [org.springframework.core.env.SystemEnvironmentPropertySource]-[DEBUG] PropertySource [systemEnvironment] does not contain &apos;jdbc_url&apos;
2014-11-15 15:33:59 [org.springframework.core.env.SystemEnvironmentPropertySource]-[DEBUG] PropertySource [systemEnvironment] does not contain &apos;JDBC_URL&apos;
2014-11-15 15:33:59 [org.springframework.core.env.PropertySourcesPropertyResolver]-[DEBUG] Could not find key &apos;jdbc_url&apos; in any property source. Returning [null]
2014-11-15 15:33:59 [org.springframework.core.env.PropertySourcesPropertyResolver]-[DEBUG] Searching for key &apos;jdbc_url&apos; in [localProperties]
2014-11-15 15:33:59 [org.springframework.core.env.PropertySourcesPropertyResolver]-[DEBUG] Found key &apos;jdbc_url&apos; in [localProperties] with type [String] and value &apos;jdbc:mysql://localhost:3306/bookhouse?useUnicode=true&amp;amp;characterEncoding=utf-8&apos;
2014-11-15 15:33:59 [org.springframework.util.PropertyPlaceholderHelper]-[DEBUG] Resolved placeholder &apos;jdbc_url&apos;
2014-11-15 15:33:59 [org.springframework.core.env.PropertySourcesPropertyResolver]-[DEBUG] getProperty(&quot;jdbc_username&quot;, String)
2014-11-15 15:33:59 [org.springframework.core.env.PropertySourcesPropertyResolver]-[DEBUG] Searching for key &apos;jdbc_username&apos; in [environmentProperties]
2014-11-15 15:33:59 [org.springframework.core.env.PropertySourcesPropertyResolver]-[DEBUG] getProperty(&quot;jdbc_username&quot;, String)
2014-11-15 15:33:59 [org.springframework.core.env.PropertySourcesPropertyResolver]-[DEBUG] Searching for key &apos;jdbc_username&apos; in [systemProperties]
2014-11-15 15:33:59 [org.springframework.core.env.PropertySourcesPropertyResolver]-[DEBUG] Searching for key &apos;jdbc_username&apos; in [systemEnvironment]
2014-11-15 15:33:59 [org.springframework.core.env.SystemEnvironmentPropertySource]-[DEBUG] PropertySource [systemEnvironment] does not contain &apos;jdbc_username&apos;
2014-11-15 15:33:59 [org.springframework.core.env.SystemEnvironmentPropertySource]-[DEBUG] PropertySource [systemEnvironment] does not contain &apos;JDBC_USERNAME&apos;
2014-11-15 15:33:59 [org.springframework.core.env.PropertySourcesPropertyResolver]-[DEBUG] Could not find key &apos;jdbc_username&apos; in any property source. Returning [null]
2014-11-15 15:33:59 [org.springframework.core.env.PropertySourcesPropertyResolver]-[DEBUG] Searching for key &apos;jdbc_username&apos; in [localProperties]
2014-11-15 15:33:59 [org.springframework.core.env.PropertySourcesPropertyResolver]-[DEBUG] Found key &apos;jdbc_username&apos; in [localProperties] with type [String] and value &apos;root&apos;
2014-11-15 15:33:59 [org.springframework.util.PropertyPlaceholderHelper]-[DEBUG] Resolved placeholder &apos;jdbc_username&apos;
2014-11-15 15:33:59 [org.springframework.core.env.PropertySourcesPropertyResolver]-[DEBUG] getProperty(&quot;jdbc_password&quot;, String)
2014-11-15 15:33:59 [org.springframework.core.env.PropertySourcesPropertyResolver]-[DEBUG] Searching for key &apos;jdbc_password&apos; in [environmentProperties]
2014-11-15 15:33:59 [org.springframework.core.env.PropertySourcesPropertyResolver]-[DEBUG] getProperty(&quot;jdbc_password&quot;, String)
2014-11-15 15:33:59 [org.springframework.core.env.PropertySourcesPropertyResolver]-[DEBUG] Searching for key &apos;jdbc_password&apos; in [systemProperties]
2014-11-15 15:33:59 [org.springframework.core.env.PropertySourcesPropertyResolver]-[DEBUG] Searching for key &apos;jdbc_password&apos; in [systemEnvironment]
2014-11-15 15:33:59 [org.springframework.core.env.SystemEnvironmentPropertySource]-[DEBUG] PropertySource [systemEnvironment] does not contain &apos;jdbc_password&apos;
2014-11-15 15:33:59 [org.springframework.core.env.SystemEnvironmentPropertySource]-[DEBUG] PropertySource [systemEnvironment] does not contain &apos;JDBC_PASSWORD&apos;
2014-11-15 15:33:59 [org.springframework.core.env.PropertySourcesPropertyResolver]-[DEBUG] Could not find key &apos;jdbc_password&apos; in any property source. Returning [null]
2014-11-15 15:33:59 [org.springframework.core.env.PropertySourcesPropertyResolver]-[DEBUG] Searching for key &apos;jdbc_password&apos; in [localProperties]
2014-11-15 15:33:59 [org.springframework.core.env.PropertySourcesPropertyResolver]-[DEBUG] Found key &apos;jdbc_password&apos; in [localProperties] with type [String] and value &apos;123456&apos;
2014-11-15 15:33:59 [org.springframework.util.PropertyPlaceholderHelper]-[DEBUG] Resolved placeholder &apos;jdbc_password&apos;
2014-11-15 15:33:59 [org.springframework.beans.factory.support.DefaultListableBeanFactory]-[DEBUG] Creating shared instance of singleton bean &apos;org.springframework.context.annotation.internalAutowiredAnnotationProcessor&apos;
2014-11-15 15:33:59 [org.springframework.beans.factory.support.DefaultListableBeanFactory]-[DEBUG] Creating instance of bean &apos;org.springframework.context.annotation.internalAutowiredAnnotationProcessor&apos;
2014-11-15 15:33:59 [org.springframework.beans.factory.support.DefaultListableBeanFactory]-[DEBUG] Eagerly caching bean &apos;org.springframework.context.annotation.internalAutowiredAnnotationProcessor&apos; to allow for resolving potential circular references
2014-11-15 15:33:59 [org.springframework.beans.factory.support.DefaultListableBeanFactory]-[DEBUG] Finished creating instance of bean &apos;org.springframework.context.annotation.internalAutowiredAnnotationProcessor&apos;
2014-11-15 15:33:59 [org.springframework.beans.factory.support.DefaultListableBeanFactory]-[DEBUG] Creating shared instance of singleton bean &apos;org.springframework.context.annotation.internalRequiredAnnotationProcessor&apos;
2014-11-15 15:33:59 [org.springframework.beans.factory.support.DefaultListableBeanFactory]-[DEBUG] Creating instance of bean &apos;org.springframework.context.annotation.internalRequiredAnnotationProcessor&apos;
2014-11-15 15:33:59 [org.springframework.beans.factory.support.DefaultListableBeanFactory]-[DEBUG] Eagerly caching bean &apos;org.springframework.context.annotation.internalRequiredAnnotationProcessor&apos; to allow for resolving potential circular references
2014-11-15 15:33:59 [org.springframework.beans.factory.support.DefaultListableBeanFactory]-[DEBUG] Finished creating instance of bean &apos;org.springframework.context.annotation.internalRequiredAnnotationProcessor&apos;
2014-11-15 15:33:59 [org.springframework.beans.factory.support.DefaultListableBeanFactory]-[DEBUG] Creating shared instance of singleton bean &apos;org.springframework.context.annotation.internalCommonAnnotationProcessor&apos;
2014-11-15 15:33:59 [org.springframework.beans.factory.support.DefaultListableBeanFactory]-[DEBUG] Creating instance of bean &apos;org.springframework.context.annotation.internalCommonAnnotationProcessor&apos;
2014-11-15 15:33:59 [org.springframework.beans.factory.support.DefaultListableBeanFactory]-[DEBUG] Eagerly caching bean &apos;org.springframework.context.annotation.internalCommonAnnotationProcessor&apos; to allow for resolving potential circular references
2014-11-15 15:33:59 [org.springframework.beans.factory.support.DefaultListableBeanFactory]-[DEBUG] Finished creating instance of bean &apos;org.springframework.context.annotation.internalCommonAnnotationProcessor&apos;
2014-11-15 15:33:59 [org.springframework.beans.factory.support.DefaultListableBeanFactory]-[DEBUG] Creating shared instance of singleton bean &apos;org.springframework.context.annotation.ConfigurationClassPostProcessor.importAwareProcessor&apos;
2014-11-15 15:33:59 [org.springframework.beans.factory.support.DefaultListableBeanFactory]-[DEBUG] Creating instance of bean &apos;org.springframework.context.annotation.ConfigurationClassPostProcessor.importAwareProcessor&apos;
2014-11-15 15:33:59 [org.springframework.beans.factory.support.DefaultListableBeanFactory]-[DEBUG] Eagerly caching bean &apos;org.springframework.context.annotation.ConfigurationClassPostProcessor.importAwareProcessor&apos; to allow for resolving potential circular references
2014-11-15 15:33:59 [org.springframework.beans.factory.support.DefaultListableBeanFactory]-[DEBUG] Finished creating instance of bean &apos;org.springframework.context.annotation.ConfigurationClassPostProcessor.importAwareProcessor&apos;
2014-11-15 15:33:59 [org.springframework.context.support.ClassPathXmlApplicationContext]-[DEBUG] Unable to locate MessageSource with name &apos;messageSource&apos;: using default [org.springframework.context.support.DelegatingMessageSource@6d1e7dd8]
2014-11-15 15:33:59 [org.springframework.context.support.ClassPathXmlApplicationContext]-[DEBUG] Unable to locate ApplicationEventMulticaster with name &apos;applicationEventMulticaster&apos;: using default [org.springframework.context.event.SimpleApplicationEventMulticaster@188ccba1]
2014-11-15 15:33:59 [org.springframework.beans.factory.support.DefaultListableBeanFactory]-[INFO] Pre-instantiating singletons in org.springframework.beans.factory.support.DefaultListableBeanFactory@6048c015: defining beans [org.springframework.context.support.PropertySourcesPlaceholderConfigurer#0,adminService,bookService,houseService,typeService,userServiceImpl,org.springframework.context.annotation.internalConfigurationAnnotationProcessor,org.springframework.context.annotation.internalAutowiredAnnotationProcessor,org.springframework.context.annotation.internalRequiredAnnotationProcessor,org.springframework.context.annotation.internalCommonAnnotationProcessor,dataSource,sqlSessionFactory,org.mybatis.spring.mapper.MapperScannerConfigurer#0,transactionManager,org.springframework.context.annotation.ConfigurationClassPostProcessor.importAwareProcessor,adminDao,bookDao,houseDao,typeDao,userDao]; root of factory hierarchy
2014-11-15 15:33:59 [org.springframework.beans.factory.support.DefaultListableBeanFactory]-[DEBUG] Returning cached instance of singleton bean &apos;org.springframework.context.support.PropertySourcesPlaceholderConfigurer#0&apos;
2014-11-15 15:33:59 [org.springframework.beans.factory.support.DefaultListableBeanFactory]-[DEBUG] Creating shared instance of singleton bean &apos;adminService&apos;
2014-11-15 15:33:59 [org.springframework.beans.factory.support.DefaultListableBeanFactory]-[DEBUG] Creating instance of bean &apos;adminService&apos;
2014-11-15 15:33:59 [org.springframework.beans.factory.annotation.InjectionMetadata]-[DEBUG] Registered injected element on class [com.phn.bookhouse.service.impl.AdminServiceImpl]: AutowiredFieldElement for private com.phn.bookhouse.dao.AdminDao com.phn.bookhouse.service.impl.AdminServiceImpl.adminDao
2014-11-15 15:33:59 [org.springframework.beans.factory.support.DefaultListableBeanFactory]-[DEBUG] Eagerly caching bean &apos;adminService&apos; to allow for resolving potential circular references
2014-11-15 15:33:59 [org.springframework.beans.CachedIntrospectionResults]-[DEBUG] Getting BeanInfo for class [com.phn.bookhouse.service.impl.AdminServiceImpl]
2014-11-15 15:33:59 [org.springframework.beans.CachedIntrospectionResults]-[DEBUG] Caching PropertyDescriptors for class [com.phn.bookhouse.service.impl.AdminServiceImpl]
2014-11-15 15:33:59 [org.springframework.beans.CachedIntrospectionResults]-[DEBUG] Found bean property &apos;class&apos; of type [java.lang.Class]
2014-11-15 15:33:59 [org.springframework.beans.factory.annotation.InjectionMetadata]-[DEBUG] Processing injected method of bean &apos;adminService&apos;: AutowiredFieldElement for private com.phn.bookhouse.dao.AdminDao com.phn.bookhouse.service.impl.AdminServiceImpl.adminDao
2014-11-15 15:33:59 [org.apache.ibatis.logging.LogFactory]-[DEBUG] Logging initialized using &apos;class org.apache.ibatis.logging.slf4j.Slf4jImpl&apos; adapter.
2014-11-15 15:33:59 [org.springframework.beans.factory.support.DefaultListableBeanFactory]-[DEBUG] Creating shared instance of singleton bean &apos;adminDao&apos;
2014-11-15 15:33:59 [org.springframework.beans.factory.support.DefaultListableBeanFactory]-[DEBUG] Creating instance of bean &apos;adminDao&apos;
2014-11-15 15:33:59 [org.springframework.beans.factory.support.DefaultListableBeanFactory]-[DEBUG] Eagerly caching bean &apos;adminDao&apos; to allow for resolving potential circular references
2014-11-15 15:33:59 [org.springframework.beans.CachedIntrospectionResults]-[DEBUG] Getting BeanInfo for class [org.mybatis.spring.mapper.MapperFactoryBean]
2014-11-15 15:33:59 [org.springframework.beans.CachedIntrospectionResults]-[DEBUG] Caching PropertyDescriptors for class [org.mybatis.spring.mapper.MapperFactoryBean]
2014-11-15 15:33:59 [org.springframework.beans.CachedIntrospectionResults]-[DEBUG] Found bean property &apos;addToConfig&apos; of type [boolean]
2014-11-15 15:33:59 [org.springframework.beans.CachedIntrospectionResults]-[DEBUG] Found bean property &apos;class&apos; of type [java.lang.Class]
2014-11-15 15:33:59 [org.springframework.beans.CachedIntrospectionResults]-[DEBUG] Found bean property &apos;mapperInterface&apos; of type [java.lang.Class]
2014-11-15 15:33:59 [org.springframework.beans.CachedIntrospectionResults]-[DEBUG] Found bean property &apos;object&apos; of type [java.lang.Object]
2014-11-15 15:33:59 [org.springframework.beans.CachedIntrospectionResults]-[DEBUG] Found bean property &apos;objectType&apos; of type [java.lang.Class]
2014-11-15 15:33:59 [org.springframework.beans.CachedIntrospectionResults]-[DEBUG] Found bean property &apos;singleton&apos; of type [boolean]
2014-11-15 15:33:59 [org.springframework.beans.CachedIntrospectionResults]-[DEBUG] Found bean property &apos;sqlSession&apos; of type [org.apache.ibatis.session.SqlSession]
2014-11-15 15:33:59 [org.springframework.beans.CachedIntrospectionResults]-[DEBUG] Found bean property &apos;sqlSessionFactory&apos; of type [org.apache.ibatis.session.SqlSessionFactory]
2014-11-15 15:33:59 [org.springframework.beans.CachedIntrospectionResults]-[DEBUG] Found bean property &apos;sqlSessionTemplate&apos; of type [org.mybatis.spring.SqlSessionTemplate]
2014-11-15 15:33:59 [org.springframework.beans.TypeConverterDelegate]-[DEBUG] Converting String to [class java.lang.Class] using property editor [org.springframework.beans.propertyeditors.ClassEditor@4e46f11]
2014-11-15 15:33:59 [org.springframework.beans.factory.support.DefaultListableBeanFactory]-[DEBUG] Creating shared instance of singleton bean &apos;sqlSessionFactory&apos;
2014-11-15 15:33:59 [org.springframework.beans.factory.support.DefaultListableBeanFactory]-[DEBUG] Creating instance of bean &apos;sqlSessionFactory&apos;
2014-11-15 15:33:59 [org.springframework.beans.factory.support.DefaultListableBeanFactory]-[DEBUG] Eagerly caching bean &apos;sqlSessionFactory&apos; to allow for resolving potential circular references
2014-11-15 15:33:59 [org.springframework.beans.CachedIntrospectionResults]-[DEBUG] Getting BeanInfo for class [org.mybatis.spring.SqlSessionFactoryBean]
2014-11-15 15:33:59 [org.springframework.beans.CachedIntrospectionResults]-[DEBUG] Caching PropertyDescriptors for class [org.mybatis.spring.SqlSessionFactoryBean]
2014-11-15 15:33:59 [org.springframework.beans.CachedIntrospectionResults]-[DEBUG] Found bean property &apos;class&apos; of type [java.lang.Class]
2014-11-15 15:33:59 [org.springframework.beans.CachedIntrospectionResults]-[DEBUG] Found bean property &apos;configLocation&apos; of type [org.springframework.core.io.Resource]
2014-11-15 15:33:59 [org.springframework.beans.CachedIntrospectionResults]-[DEBUG] Found bean property &apos;configurationProperties&apos; of type [java.util.Properties]
2014-11-15 15:33:59 [org.springframework.beans.CachedIntrospectionResults]-[DEBUG] Found bean property &apos;dataSource&apos; of type [javax.sql.DataSource]
2014-11-15 15:33:59 [org.springframework.beans.CachedIntrospectionResults]-[DEBUG] Found bean property &apos;databaseIdProvider&apos; of type [org.apache.ibatis.mapping.DatabaseIdProvider]
2014-11-15 15:33:59 [org.springframework.beans.CachedIntrospectionResults]-[DEBUG] Found bean property &apos;environment&apos; of type [java.lang.String]
2014-11-15 15:33:59 [org.springframework.beans.CachedIntrospectionResults]-[DEBUG] Found bean property &apos;failFast&apos; of type [boolean]
2014-11-15 15:33:59 [org.springframework.beans.CachedIntrospectionResults]-[DEBUG] Found bean property &apos;mapperLocations&apos; of type [[Lorg.springframework.core.io.Resource;]
2014-11-15 15:33:59 [org.springframework.beans.CachedIntrospectionResults]-[DEBUG] Found bean property &apos;object&apos; of type [org.apache.ibatis.session.SqlSessionFactory]
2014-11-15 15:33:59 [org.springframework.beans.CachedIntrospectionResults]-[DEBUG] Found bean property &apos;objectFactory&apos; of type [org.apache.ibatis.reflection.factory.ObjectFactory]
2014-11-15 15:33:59 [org.springframework.beans.CachedIntrospectionResults]-[DEBUG] Found bean property &apos;objectType&apos; of type [java.lang.Class]
2014-11-15 15:33:59 [org.springframework.beans.CachedIntrospectionResults]-[DEBUG] Found bean property &apos;objectWrapperFactory&apos; of type [org.apache.ibatis.reflection.wrapper.ObjectWrapperFactory]
2014-11-15 15:33:59 [org.springframework.beans.CachedIntrospectionResults]-[DEBUG] Found bean property &apos;plugins&apos; of type [[Lorg.apache.ibatis.plugin.Interceptor;]
2014-11-15 15:33:59 [org.springframework.beans.CachedIntrospectionResults]-[DEBUG] Found bean property &apos;singleton&apos; of type [boolean]
2014-11-15 15:33:59 [org.springframework.beans.CachedIntrospectionResults]-[DEBUG] Found bean property &apos;sqlSessionFactoryBuilder&apos; of type [org.apache.ibatis.session.SqlSessionFactoryBuilder]
2014-11-15 15:33:59 [org.springframework.beans.CachedIntrospectionResults]-[DEBUG] Found bean property &apos;transactionFactory&apos; of type [org.apache.ibatis.transaction.TransactionFactory]
2014-11-15 15:33:59 [org.springframework.beans.CachedIntrospectionResults]-[DEBUG] Found bean property &apos;typeAliases&apos; of type [[Ljava.lang.Class;]
2014-11-15 15:33:59 [org.springframework.beans.CachedIntrospectionResults]-[DEBUG] Found bean property &apos;typeAliasesPackage&apos; of type [java.lang.String]
2014-11-15 15:33:59 [org.springframework.beans.CachedIntrospectionResults]-[DEBUG] Found bean property &apos;typeAliasesSuperType&apos; of type [java.lang.Class]
2014-11-15 15:33:59 [org.springframework.beans.CachedIntrospectionResults]-[DEBUG] Found bean property &apos;typeHandlers&apos; of type [[Lorg.apache.ibatis.type.TypeHandler;]
2014-11-15 15:33:59 [org.springframework.beans.CachedIntrospectionResults]-[DEBUG] Found bean property &apos;typeHandlersPackage&apos; of type [java.lang.String]
2014-11-15 15:33:59 [org.springframework.beans.TypeConverterDelegate]-[DEBUG] Converting String to [interface org.springframework.core.io.Resource] using property editor [org.springframework.core.io.ResourceEditor@a50243d]
2014-11-15 15:33:59 [org.springframework.beans.factory.support.DefaultListableBeanFactory]-[DEBUG] Creating shared instance of singleton bean &apos;dataSource&apos;
2014-11-15 15:33:59 [org.springframework.beans.factory.support.DefaultListableBeanFactory]-[DEBUG] Creating instance of bean &apos;dataSource&apos;
2014-11-15 15:33:59 [org.springframework.beans.factory.support.DefaultListableBeanFactory]-[DEBUG] Eagerly caching bean &apos;dataSource&apos; to allow for resolving potential circular references
2014-11-15 15:33:59 [org.springframework.beans.CachedIntrospectionResults]-[DEBUG] Getting BeanInfo for class [com.alibaba.druid.pool.DruidDataSource]
2014-11-15 15:33:59 [org.springframework.beans.CachedIntrospectionResults]-[DEBUG] Caching PropertyDescriptors for class [com.alibaba.druid.pool.DruidDataSource]
2014-11-15 15:33:59 [org.springframework.beans.CachedIntrospectionResults]-[DEBUG] Found bean property &apos;ID&apos; of type [long]
2014-11-15 15:34:00 [org.springframework.beans.CachedIntrospectionResults]-[DEBUG] Found bean property &apos;accessToUnderlyingConnectionAllowed&apos; of type [boolean]
2014-11-15 15:34:00 [org.springframework.beans.CachedIntrospectionResults]-[DEBUG] Found bean property &apos;activeConnectionStackTrace&apos; of type [java.util.List]
2014-11-15 15:34:00 [org.springframework.beans.CachedIntrospectionResults]-[DEBUG] Found bean property &apos;activeConnections&apos; of type [java.util.Set]
2014-11-15 15:34:00 [org.springframework.beans.CachedIntrospectionResults]-[DEBUG] Found bean property &apos;activeCount&apos; of type [int]
2014-11-15 15:34:00 [org.springframework.beans.CachedIntrospectionResults]-[DEBUG] Found bean property &apos;activePeak&apos; of type [int]
2014-11-15 15:34:00 [org.springframework.beans.CachedIntrospectionResults]-[DEBUG] Found bean property &apos;activePeakTime&apos; of type [java.util.Date]
2014-11-15 15:34:00 [org.springframework.beans.CachedIntrospectionResults]-[DEBUG] Found bean property &apos;breakAfterAcquireFailure&apos; of type [boolean]
2014-11-15 15:34:00 [org.springframework.beans.CachedIntrospectionResults]-[DEBUG] Found bean property &apos;cachedPreparedStatementAccessCount&apos; of type [long]
2014-11-15 15:34:00 [org.springframework.beans.CachedIntrospectionResults]-[DEBUG] Found bean property &apos;cachedPreparedStatementCount&apos; of type [long]
2014-11-15 15:34:00 [org.springframework.beans.CachedIntrospectionResults]-[DEBUG] Found bean property &apos;cachedPreparedStatementDeleteCount&apos; of type [long]
2014-11-15 15:34:00 [org.springframework.beans.CachedIntrospectionResults]-[DEBUG] Found bean property &apos;cachedPreparedStatementHitCount&apos; of type [long]
2014-11-15 15:34:00 [org.springframework.beans.CachedIntrospectionResults]-[DEBUG] Found bean property &apos;cachedPreparedStatementMissCount&apos; of type [long]
2014-11-15 15:34:00 [org.springframework.beans.CachedIntrospectionResults]-[DEBUG] Found bean property &apos;class&apos; of type [java.lang.Class]
2014-11-15 15:34:00 [org.springframework.beans.CachedIntrospectionResults]-[DEBUG] Found bean property &apos;clearFiltersEnable&apos; of type [boolean]
2014-11-15 15:34:00 [org.springframework.beans.CachedIntrospectionResults]-[DEBUG] Found bean property &apos;closeCount&apos; of type [long]
2014-11-15 15:34:00 [org.springframework.beans.CachedIntrospectionResults]-[DEBUG] Found bean property &apos;closedPreparedStatementCount&apos; of type [long]
2014-11-15 15:34:00 [org.springframework.beans.CachedIntrospectionResults]-[DEBUG] Found bean property &apos;commitCount&apos; of type [long]
2014-11-15 15:34:00 [org.springframework.beans.CachedIntrospectionResults]-[DEBUG] Found bean property &apos;compositeData&apos; of type [javax.management.openmbean.CompositeDataSupport]
2014-11-15 15:34:00 [org.springframework.beans.CachedIntrospectionResults]-[DEBUG] Found bean property &apos;connectCount&apos; of type [long]
2014-11-15 15:34:00 [org.springframework.beans.CachedIntrospectionResults]-[DEBUG] Found bean property &apos;connectErrorCount&apos; of type [long]
2014-11-15 15:34:00 [org.springframework.beans.CachedIntrospectionResults]-[DEBUG] Found bean property &apos;connectProperties&apos; of type [java.util.Properties]
2014-11-15 15:34:00 [org.springframework.beans.CachedIntrospectionResults]-[DEBUG] Found bean property &apos;connection&apos; of type [com.alibaba.druid.pool.DruidPooledConnection]
2014-11-15 15:34:00 [org.springframework.beans.CachedIntrospectionResults]-[DEBUG] Found bean property &apos;connectionErrorRetryAttempts&apos; of type [int]
2014-11-15 15:34:00 [org.springframework.beans.CachedIntrospectionResults]-[DEBUG] Found bean property &apos;connectionInitSqls&apos; of type [java.util.Collection]
2014-11-15 15:34:00 [org.springframework.beans.CachedIntrospectionResults]-[DEBUG] Found bean property &apos;connectionProperties&apos; of type [java.lang.String]
2014-11-15 15:34:00 [org.springframework.beans.CachedIntrospectionResults]-[DEBUG] Found bean property &apos;createCount&apos; of type [long]
2014-11-15 15:34:00 [org.springframework.beans.CachedIntrospectionResults]-[DEBUG] Found bean property &apos;createErrorCount&apos; of type [long]
2014-11-15 15:34:00 [org.springframework.beans.CachedIntrospectionResults]-[DEBUG] Found bean property &apos;createTimespanMillis&apos; of type [long]
2014-11-15 15:34:00 [org.springframework.beans.CachedIntrospectionResults]-[DEBUG] Found bean property &apos;createTimespanNano&apos; of type [long]
2014-11-15 15:34:00 [org.springframework.beans.CachedIntrospectionResults]-[DEBUG] Found bean property &apos;createdTime&apos; of type [java.util.Date]
2014-11-15 15:34:00 [org.springframework.beans.CachedIntrospectionResults]-[DEBUG] Found bean property &apos;dataSourceStat&apos; of type [com.alibaba.druid.stat.JdbcDataSourceStat]
2014-11-15 15:34:00 [org.springframework.beans.CachedIntrospectionResults]-[DEBUG] Found bean property &apos;dbType&apos; of type [java.lang.String]
2014-11-15 15:34:00 [org.springframework.beans.CachedIntrospectionResults]-[DEBUG] Found bean property &apos;defaultAutoCommit&apos; of type [boolean]
2014-11-15 15:34:00 [org.springframework.beans.CachedIntrospectionResults]-[DEBUG] Found bean property &apos;defaultCatalog&apos; of type [java.lang.String]
2014-11-15 15:34:00 [org.springframework.beans.CachedIntrospectionResults]-[DEBUG] Found bean property &apos;defaultReadOnly&apos; of type [java.lang.Boolean]
2014-11-15 15:34:00 [org.springframework.beans.CachedIntrospectionResults]-[DEBUG] Found bean property &apos;defaultTransactionIsolation&apos; of type [java.lang.Integer]
2014-11-15 15:34:00 [org.springframework.beans.CachedIntrospectionResults]-[DEBUG] Found bean property &apos;destroyCount&apos; of type [long]
2014-11-15 15:34:00 [org.springframework.beans.CachedIntrospectionResults]-[DEBUG] Found bean property &apos;discardCount&apos; of type [long]
2014-11-15 15:34:00 [org.springframework.beans.CachedIntrospectionResults]-[DEBUG] Found bean property &apos;driver&apos; of type [java.sql.Driver]
2014-11-15 15:34:00 [org.springframework.beans.CachedIntrospectionResults]-[DEBUG] Found bean property &apos;driverClassLoader&apos; of type [java.lang.ClassLoader]
2014-11-15 15:34:00 [org.springframework.beans.CachedIntrospectionResults]-[DEBUG] Found bean property &apos;driverClassName&apos; of type [java.lang.String]
2014-11-15 15:34:00 [org.springframework.beans.CachedIntrospectionResults]-[DEBUG] Found bean property &apos;driverMajorVersion&apos; of type [int]
2014-11-15 15:34:00 [org.springframework.beans.CachedIntrospectionResults]-[DEBUG] Found bean property &apos;driverMinorVersion&apos; of type [int]
2014-11-15 15:34:00 [org.springframework.beans.CachedIntrospectionResults]-[DEBUG] Found bean property &apos;dupCloseCount&apos; of type [long]
2014-11-15 15:34:00 [org.springframework.beans.CachedIntrospectionResults]-[DEBUG] Found bean property &apos;dupCloseLogEnable&apos; of type [boolean]
2014-11-15 15:34:00 [org.springframework.beans.CachedIntrospectionResults]-[DEBUG] Found bean property &apos;enable&apos; of type [boolean]
2014-11-15 15:34:00 [org.springframework.beans.CachedIntrospectionResults]-[DEBUG] Found bean property &apos;errorCount&apos; of type [long]
2014-11-15 15:34:00 [org.springframework.beans.CachedIntrospectionResults]-[DEBUG] Found bean property &apos;exceptionSorter&apos; of type [com.alibaba.druid.pool.ExceptionSorter]
2014-11-15 15:34:00 [org.springframework.beans.CachedIntrospectionResults]-[DEBUG] Found bean property &apos;exceptionSorterClassName&apos; of type [java.lang.String]
2014-11-15 15:34:00 [org.springframework.beans.CachedIntrospectionResults]-[DEBUG] Found bean property &apos;executeCount&apos; of type [long]
2014-11-15 15:34:00 [org.springframework.beans.CachedIntrospectionResults]-[DEBUG] Found bean property &apos;filterClassNames&apos; of type [java.util.List]
2014-11-15 15:34:00 [org.springframework.beans.CachedIntrospectionResults]-[DEBUG] Found bean property &apos;filterClasses&apos; of type [[Ljava.lang.String;]
2014-11-15 15:34:00 [org.springframework.beans.CachedIntrospectionResults]-[DEBUG] Found bean property &apos;filters&apos; of type [java.lang.String]
2014-11-15 15:34:00 [org.springframework.beans.CachedIntrospectionResults]-[DEBUG] Found bean property &apos;initStackTrace&apos; of type [java.lang.String]
2014-11-15 15:34:00 [org.springframework.beans.CachedIntrospectionResults]-[DEBUG] Found bean property &apos;inited&apos; of type [boolean]
2014-11-15 15:34:00 [org.springframework.beans.CachedIntrospectionResults]-[DEBUG] Found bean property &apos;initialSize&apos; of type [int]
2014-11-15 15:34:00 [org.springframework.beans.CachedIntrospectionResults]-[DEBUG] Found bean property &apos;lastCreateError&apos; of type [java.lang.Throwable]
2014-11-15 15:34:00 [org.springframework.beans.CachedIntrospectionResults]-[DEBUG] Found bean property &apos;lastCreateErrorTime&apos; of type [java.util.Date]
2014-11-15 15:34:00 [org.springframework.beans.CachedIntrospectionResults]-[DEBUG] Found bean property &apos;lastCreateErrorTimeMillis&apos; of type [long]
2014-11-15 15:34:00 [org.springframework.beans.CachedIntrospectionResults]-[DEBUG] Found bean property &apos;lastError&apos; of type [java.lang.Throwable]
2014-11-15 15:34:00 [org.springframework.beans.CachedIntrospectionResults]-[DEBUG] Found bean property &apos;lastErrorTime&apos; of type [java.util.Date]
2014-11-15 15:34:00 [org.springframework.beans.CachedIntrospectionResults]-[DEBUG] Found bean property &apos;lastErrorTimeMillis&apos; of type [long]
2014-11-15 15:34:00 [org.springframework.beans.CachedIntrospectionResults]-[DEBUG] Found bean property &apos;lock&apos; of type [java.util.concurrent.locks.Lock]
2014-11-15 15:34:00 [org.springframework.beans.CachedIntrospectionResults]-[DEBUG] Found bean property &apos;lockQueueLength&apos; of type [int]
2014-11-15 15:34:00 [org.springframework.beans.CachedIntrospectionResults]-[DEBUG] Found bean property &apos;logAbandoned&apos; of type [boolean]
2014-11-15 15:34:00 [org.springframework.beans.CachedIntrospectionResults]-[DEBUG] Found bean property &apos;logWriter&apos; of type [java.io.PrintWriter]
2014-11-15 15:34:00 [org.springframework.beans.CachedIntrospectionResults]-[DEBUG] Found bean property &apos;loginTimeout&apos; of type [int]
2014-11-15 15:34:00 [org.springframework.beans.CachedIntrospectionResults]-[DEBUG] Found bean property &apos;maxActive&apos; of type [int]
2014-11-15 15:34:00 [org.springframework.beans.CachedIntrospectionResults]-[DEBUG] Found bean property &apos;maxIdle&apos; of type [int]
2014-11-15 15:34:00 [org.springframework.beans.CachedIntrospectionResults]-[DEBUG] Found bean property &apos;maxOpenPreparedStatements&apos; of type [int]
2014-11-15 15:34:00 [org.springframework.beans.CachedIntrospectionResults]-[DEBUG] Found bean property &apos;maxPoolPreparedStatementPerConnectionSize&apos; of type [int]
2014-11-15 15:34:00 [org.springframework.beans.CachedIntrospectionResults]-[DEBUG] Found bean property &apos;maxWait&apos; of type [long]
2014-11-15 15:34:00 [org.springframework.beans.CachedIntrospectionResults]-[DEBUG] Found bean property &apos;maxWaitThreadCount&apos; of type [int]
2014-11-15 15:34:00 [org.springframework.beans.CachedIntrospectionResults]-[DEBUG] Found bean property &apos;mbeanRegistered&apos; of type [boolean]
2014-11-15 15:34:00 [org.springframework.beans.CachedIntrospectionResults]-[DEBUG] Found bean property &apos;minEvictableIdleTimeMillis&apos; of type [long]
2014-11-15 15:34:00 [org.springframework.beans.CachedIntrospectionResults]-[DEBUG] Found bean property &apos;minIdle&apos; of type [int]
2014-11-15 15:34:00 [org.springframework.beans.CachedIntrospectionResults]-[DEBUG] Found bean property &apos;name&apos; of type [java.lang.String]
2014-11-15 15:34:00 [org.springframework.beans.CachedIntrospectionResults]-[DEBUG] Found bean property &apos;notEmptySignalCount&apos; of type [long]
2014-11-15 15:34:00 [org.springframework.beans.CachedIntrospectionResults]-[DEBUG] Found bean property &apos;notEmptyWaitCount&apos; of type [long]
2014-11-15 15:34:00 [org.springframework.beans.CachedIntrospectionResults]-[DEBUG] Found bean property &apos;notEmptyWaitMillis&apos; of type [long]
2014-11-15 15:34:00 [org.springframework.beans.CachedIntrospectionResults]-[DEBUG] Found bean property &apos;notEmptyWaitNanos&apos; of type [long]
2014-11-15 15:34:00 [org.springframework.beans.CachedIntrospectionResults]-[DEBUG] Found bean property &apos;notEmptyWaitThreadCount&apos; of type [int]
2014-11-15 15:34:00 [org.springframework.beans.CachedIntrospectionResults]-[DEBUG] Found bean property &apos;notEmptyWaitThreadPeak&apos; of type [int]
2014-11-15 15:34:00 [org.springframework.beans.CachedIntrospectionResults]-[DEBUG] Found bean property &apos;numTestsPerEvictionRun&apos; of type [int]
2014-11-15 15:34:00 [org.springframework.beans.CachedIntrospectionResults]-[DEBUG] Found bean property &apos;objectName&apos; of type [javax.management.ObjectName]
2014-11-15 15:34:00 [org.springframework.beans.CachedIntrospectionResults]-[DEBUG] Found bean property &apos;oracle&apos; of type [boolean]
2014-11-15 15:34:00 [org.springframework.beans.CachedIntrospectionResults]-[DEBUG] Found bean property &apos;parentLogger&apos; of type [java.util.logging.Logger]
2014-11-15 15:34:00 [org.springframework.beans.CachedIntrospectionResults]-[DEBUG] Found bean property &apos;password&apos; of type [java.lang.String]
2014-11-15 15:34:00 [org.springframework.beans.CachedIntrospectionResults]-[DEBUG] Found bean property &apos;passwordCallback&apos; of type [javax.security.auth.callback.PasswordCallback]
2014-11-15 15:34:00 [org.springframework.beans.CachedIntrospectionResults]-[DEBUG] Found bean property &apos;passwordCallbackClassName&apos; of type [java.lang.String]
2014-11-15 15:34:00 [org.springframework.beans.CachedIntrospectionResults]-[DEBUG] Found bean property &apos;poolPreparedStatements&apos; of type [boolean]
2014-11-15 15:34:00 [org.springframework.beans.CachedIntrospectionResults]-[DEBUG] Found bean property &apos;pooledConnection&apos; of type [javax.sql.PooledConnection]
2014-11-15 15:34:00 [org.springframework.beans.CachedIntrospectionResults]-[DEBUG] Found bean property &apos;poolingConnectionInfo&apos; of type [java.util.List]
2014-11-15 15:34:00 [org.springframework.beans.CachedIntrospectionResults]-[DEBUG] Found bean property &apos;poolingCount&apos; of type [int]
2014-11-15 15:34:00 [org.springframework.beans.CachedIntrospectionResults]-[DEBUG] Found bean property &apos;poolingPeak&apos; of type [int]
2014-11-15 15:34:00 [org.springframework.beans.CachedIntrospectionResults]-[DEBUG] Found bean property &apos;poolingPeakTime&apos; of type [java.util.Date]
2014-11-15 15:34:00 [org.springframework.beans.CachedIntrospectionResults]-[DEBUG] Found bean property &apos;preparedStatementCount&apos; of type [long]
2014-11-15 15:34:00 [org.springframework.beans.CachedIntrospectionResults]-[DEBUG] Found bean property &apos;properties&apos; of type [java.lang.String]
2014-11-15 15:34:00 [org.springframework.beans.CachedIntrospectionResults]-[DEBUG] Found bean property &apos;proxyFilters&apos; of type [java.util.List]
2014-11-15 15:34:00 [org.springframework.beans.CachedIntrospectionResults]-[DEBUG] Found bean property &apos;queryTimeout&apos; of type [int]
2014-11-15 15:34:00 [org.springframework.beans.CachedIntrospectionResults]-[DEBUG] Found bean property &apos;rawDriver&apos; of type [java.sql.Driver]
2014-11-15 15:34:00 [org.springframework.beans.CachedIntrospectionResults]-[DEBUG] Found bean property &apos;rawDriverMajorVersion&apos; of type [int]
2014-11-15 15:34:00 [org.springframework.beans.CachedIntrospectionResults]-[DEBUG] Found bean property &apos;rawDriverMinorVersion&apos; of type [int]
2014-11-15 15:34:00 [org.springframework.beans.CachedIntrospectionResults]-[DEBUG] Found bean property &apos;rawJdbcUrl&apos; of type [java.lang.String]
2014-11-15 15:34:00 [org.springframework.beans.CachedIntrospectionResults]-[DEBUG] Found bean property &apos;recycleCount&apos; of type [long]
2014-11-15 15:34:00 [org.springframework.beans.CachedIntrospectionResults]-[DEBUG] Found bean property &apos;recycleErrorCount&apos; of type [long]
2014-11-15 15:34:00 [org.springframework.beans.CachedIntrospectionResults]-[DEBUG] Found bean property &apos;reference&apos; of type [javax.naming.Reference]
[...]
2014-11-15 15:34:01 [org.springframework.beans.factory.support.DefaultListableBeanFactory]-[DEBUG] Creating shared instance of singleton bean &apos;typeDao&apos;
2014-11-15 15:34:01 [org.springframework.beans.factory.support.DefaultListableBeanFactory]-[DEBUG] Creating instance of bean &apos;typeDao&apos;
2014-11-15 15:34:01 [org.springframework.beans.factory.support.DefaultListableBeanFactory]-[DEBUG] Eagerly caching bean &apos;typeDao&apos; to allow for resolving potential circular references
2014-11-15 15:34:01 [org.springframework.beans.TypeConverterDelegate]-[DEBUG] Converting String to [class java.lang.Class] using property editor [org.springframework.beans.propertyeditors.ClassEditor@34510938]
2014-11-15 15:34:01 [org.springframework.beans.factory.support.DefaultListableBeanFactory]-[DEBUG] Returning cached instance of singleton bean &apos;sqlSessionFactory&apos;
2014-11-15 15:34:01 [org.springframework.beans.factory.support.DefaultListableBeanFactory]-[DEBUG] Invoking afterPropertiesSet() on bean with name &apos;typeDao&apos;
2014-11-15 15:34:01 [org.springframework.beans.factory.support.DefaultListableBeanFactory]-[DEBUG] Finished creating instance of bean &apos;typeDao&apos;
2014-11-15 15:34:01 [org.springframework.beans.factory.support.DefaultListableBeanFactory]-[DEBUG] Creating shared instance of singleton bean &apos;userDao&apos;
2014-11-15 15:34:01 [org.springframework.beans.factory.support.DefaultListableBeanFactory]-[DEBUG] Creating instance of bean &apos;userDao&apos;
2014-11-15 15:34:01 [org.springframework.beans.factory.support.DefaultListableBeanFactory]-[DEBUG] Eagerly caching bean &apos;userDao&apos; to allow for resolving potential circular references
2014-11-15 15:34:01 [org.springframework.beans.TypeConverterDelegate]-[DEBUG] Converting String to [class java.lang.Class] using property editor [org.springframework.beans.propertyeditors.ClassEditor@3434565d]
2014-11-15 15:34:01 [org.springframework.beans.factory.support.DefaultListableBeanFactory]-[DEBUG] Returning cached instance of singleton bean &apos;sqlSessionFactory&apos;
2014-11-15 15:34:01 [org.springframework.beans.factory.support.DefaultListableBeanFactory]-[DEBUG] Invoking afterPropertiesSet() on bean with name &apos;userDao&apos;
2014-11-15 15:34:01 [org.springframework.beans.factory.support.DefaultListableBeanFactory]-[DEBUG] Finished creating instance of bean &apos;userDao&apos;
2014-11-15 15:34:01 [org.springframework.beans.factory.support.DefaultListableBeanFactory]-[DEBUG] Returning cached instance of singleton bean &apos;adminDao&apos;
2014-11-15 15:34:01 [org.springframework.beans.factory.annotation.AutowiredAnnotationBeanPostProcessor]-[DEBUG] Autowiring by type from bean name &apos;adminService&apos; to bean named &apos;adminDao&apos;
2014-11-15 15:34:01 [org.springframework.beans.factory.support.DefaultListableBeanFactory]-[DEBUG] Finished creating instance of bean &apos;adminService&apos;
2014-11-15 15:34:01 [org.springframework.beans.factory.support.DefaultListableBeanFactory]-[DEBUG] Creating shared instance of singleton bean &apos;bookService&apos;
2014-11-15 15:34:01 [org.springframework.beans.factory.support.DefaultListableBeanFactory]-[DEBUG] Creating instance of bean &apos;bookService&apos;
2014-11-15 15:34:01 [org.springframework.beans.factory.annotation.InjectionMetadata]-[DEBUG] Registered injected element on class [com.phn.bookhouse.service.impl.BookServiceImpl]: AutowiredFieldElement for private com.phn.bookhouse.dao.BookDao com.phn.bookhouse.service.impl.BookServiceImpl.bookDao
2014-11-15 15:34:01 [org.springframework.beans.factory.support.DefaultListableBeanFactory]-[DEBUG] Eagerly caching bean &apos;bookService&apos; to allow for resolving potential circular references
2014-11-15 15:34:01 [org.springframework.beans.CachedIntrospectionResults]-[DEBUG] Getting BeanInfo for class [com.phn.bookhouse.service.impl.BookServiceImpl]
2014-11-15 15:34:01 [org.springframework.beans.CachedIntrospectionResults]-[DEBUG] Caching PropertyDescriptors for class [com.phn.bookhouse.service.impl.BookServiceImpl]
2014-11-15 15:34:01 [org.springframework.beans.CachedIntrospectionResults]-[DEBUG] Found bean property &apos;class&apos; of type [java.lang.Class]
2014-11-15 15:34:01 [org.springframework.beans.factory.annotation.InjectionMetadata]-[DEBUG] Processing injected method of bean &apos;bookService&apos;: AutowiredFieldElement for private com.phn.bookhouse.dao.BookDao com.phn.bookhouse.service.impl.BookServiceImpl.bookDao
2014-11-15 15:34:01 [org.springframework.beans.factory.support.DefaultListableBeanFactory]-[DEBUG] Returning cached instance of singleton bean &apos;bookDao&apos;
2014-11-15 15:34:01 [org.springframework.beans.factory.annotation.AutowiredAnnotationBeanPostProcessor]-[DEBUG] Autowiring by type from bean name &apos;bookService&apos; to bean named &apos;bookDao&apos;
2014-11-15 15:34:01 [org.springframework.beans.factory.support.DefaultListableBeanFactory]-[DEBUG] Finished creating instance of bean &apos;bookService&apos;
2014-11-15 15:34:01 [org.springframework.beans.factory.support.DefaultListableBeanFactory]-[DEBUG] Creating shared instance of singleton bean &apos;houseService&apos;
2014-11-15 15:34:01 [org.springframework.beans.factory.support.DefaultListableBeanFactory]-[DEBUG] Creating instance of bean &apos;houseService&apos;
2014-11-15 15:34:01 [org.springframework.beans.factory.annotation.InjectionMetadata]-[DEBUG] Registered injected element on class [com.phn.bookhouse.service.impl.HouseServiceImpl]: AutowiredFieldElement for private com.phn.bookhouse.dao.HouseDao com.phn.bookhouse.service.impl.HouseServiceImpl.houseDao
2014-11-15 15:34:01 [org.springframework.beans.factory.support.DefaultListableBeanFactory]-[DEBUG] Eagerly caching bean &apos;houseService&apos; to allow for resolving potential circular references
2014-11-15 15:34:01 [org.springframework.beans.CachedIntrospectionResults]-[DEBUG] Getting BeanInfo for class [com.phn.bookhouse.service.impl.HouseServiceImpl]
2014-11-15 15:34:01 [org.springframework.beans.CachedIntrospectionResults]-[DEBUG] Caching PropertyDescriptors for class [com.phn.bookhouse.service.impl.HouseServiceImpl]
2014-11-15 15:34:01 [org.springframework.beans.CachedIntrospectionResults]-[DEBUG] Found bean property &apos;class&apos; of type [java.lang.Class]
2014-11-15 15:34:01 [org.springframework.beans.factory.annotation.InjectionMetadata]-[DEBUG] Processing injected method of bean &apos;houseService&apos;: AutowiredFieldElement for private com.phn.bookhouse.dao.HouseDao com.phn.bookhouse.service.impl.HouseServiceImpl.houseDao
2014-11-15 15:34:01 [org.springframework.beans.factory.support.DefaultListableBeanFactory]-[DEBUG] Returning cached instance of singleton bean &apos;houseDao&apos;
2014-11-15 15:34:01 [org.springframework.beans.factory.annotation.AutowiredAnnotationBeanPostProcessor]-[DEBUG] Autowiring by type from bean name &apos;houseService&apos; to bean named &apos;houseDao&apos;
2014-11-15 15:34:01 [org.springframework.beans.factory.support.DefaultListableBeanFactory]-[DEBUG] Finished creating instance of bean &apos;houseService&apos;
2014-11-15 15:34:01 [org.springframework.beans.factory.support.DefaultListableBeanFactory]-[DEBUG] Creating shared instance of singleton bean &apos;typeService&apos;
2014-11-15 15:34:01 [org.springframework.beans.factory.support.DefaultListableBeanFactory]-[DEBUG] Creating instance of bean &apos;typeService&apos;
2014-11-15 15:34:01 [org.springframework.beans.factory.annotation.InjectionMetadata]-[DEBUG] Registered injected element on class [com.phn.bookhouse.service.impl.TypeServiceImpl]: AutowiredFieldElement for private com.phn.bookhouse.dao.TypeDao com.phn.bookhouse.service.impl.TypeServiceImpl.typeDao
2014-11-15 15:34:01 [org.springframework.beans.factory.support.DefaultListableBeanFactory]-[DEBUG] Eagerly caching bean &apos;typeService&apos; to allow for resolving potential circular references
2014-11-15 15:34:01 [org.springframework.beans.CachedIntrospectionResults]-[DEBUG] Getting BeanInfo for class [com.phn.bookhouse.service.impl.TypeServiceImpl]
2014-11-15 15:34:01 [org.springframework.beans.CachedIntrospectionResults]-[DEBUG] Caching PropertyDescriptors for class [com.phn.bookhouse.service.impl.TypeServiceImpl]
2014-11-15 15:34:01 [org.springframework.beans.CachedIntrospectionResults]-[DEBUG] Found bean property &apos;class&apos; of type [java.lang.Class]
2014-11-15 15:34:01 [org.springframework.beans.factory.annotation.InjectionMetadata]-[DEBUG] Processing injected method of bean &apos;typeService&apos;: AutowiredFieldElement for private com.phn.bookhouse.dao.TypeDao com.phn.bookhouse.service.impl.TypeServiceImpl.typeDao
2014-11-15 15:34:01 [org.springframework.beans.factory.support.DefaultListableBeanFactory]-[DEBUG] Returning cached instance of singleton bean &apos;typeDao&apos;
2014-11-15 15:34:01 [org.springframework.beans.factory.annotation.AutowiredAnnotationBeanPostProcessor]-[DEBUG] Autowiring by type from bean name &apos;typeService&apos; to bean named &apos;typeDao&apos;
2014-11-15 15:34:01 [org.springframework.beans.factory.support.DefaultListableBeanFactory]-[DEBUG] Finished creating instance of bean &apos;typeService&apos;
2014-11-15 15:34:01 [org.springframework.beans.factory.support.DefaultListableBeanFactory]-[DEBUG] Creating shared instance of singleton bean &apos;userServiceImpl&apos;
2014-11-15 15:34:01 [org.springframework.beans.factory.support.DefaultListableBeanFactory]-[DEBUG] Creating instance of bean &apos;userServiceImpl&apos;
2014-11-15 15:34:01 [org.springframework.beans.factory.annotation.InjectionMetadata]-[DEBUG] Registered injected element on class [com.phn.bookhouse.service.impl.UserServiceImpl]: AutowiredFieldElement for private com.phn.bookhouse.dao.UserDao com.phn.bookhouse.service.impl.UserServiceImpl.userDao
2014-11-15 15:34:01 [org.springframework.beans.factory.support.DefaultListableBeanFactory]-[DEBUG] Eagerly caching bean &apos;userServiceImpl&apos; to allow for resolving potential circular references
2014-11-15 15:34:01 [org.springframework.beans.CachedIntrospectionResults]-[DEBUG] Getting BeanInfo for class [com.phn.bookhouse.service.impl.UserServiceImpl]
2014-11-15 15:34:01 [org.springframework.beans.CachedIntrospectionResults]-[DEBUG] Caching PropertyDescriptors for class [com.phn.bookhouse.service.impl.UserServiceImpl]
2014-11-15 15:34:01 [org.springframework.beans.CachedIntrospectionResults]-[DEBUG] Found bean property &apos;class&apos; of type [java.lang.Class]
2014-11-15 15:34:01 [org.springframework.beans.factory.annotation.InjectionMetadata]-[DEBUG] Processing injected method of bean &apos;userServiceImpl&apos;: AutowiredFieldElement for private com.phn.bookhouse.dao.UserDao com.phn.bookhouse.service.impl.UserServiceImpl.userDao
2014-11-15 15:34:01 [org.springframework.beans.factory.support.DefaultListableBeanFactory]-[DEBUG] Returning cached instance of singleton bean &apos;userDao&apos;
2014-11-15 15:34:01 [org.springframework.beans.factory.annotation.AutowiredAnnotationBeanPostProcessor]-[DEBUG] Autowiring by type from bean name &apos;userServiceImpl&apos; to bean named &apos;userDao&apos;
2014-11-15 15:34:01 [org.springframework.beans.factory.support.DefaultListableBeanFactory]-[DEBUG] Finished creating instance of bean &apos;userServiceImpl&apos;
2014-11-15 15:34:01 [org.springframework.beans.factory.support.DefaultListableBeanFactory]-[DEBUG] Returning cached instance of singleton bean &apos;org.springframework.context.annotation.internalConfigurationAnnotationProcessor&apos;
2014-11-15 15:34:01 [org.springframework.beans.factory.support.DefaultListableBeanFactory]-[DEBUG] Returning cached instance of singleton bean &apos;org.springframework.context.annotation.internalAutowiredAnnotationProcessor&apos;
2014-11-15 15:34:01 [org.springframework.beans.factory.support.DefaultListableBeanFactory]-[DEBUG] Returning cached instance of singleton bean &apos;org.springframework.context.annotation.internalRequiredAnnotationProcessor&apos;
2014-11-15 15:34:01 [org.springframework.beans.factory.support.DefaultListableBeanFactory]-[DEBUG] Returning cached instance of singleton bean &apos;org.springframework.context.annotation.internalCommonAnnotationProcessor&apos;
2014-11-15 15:34:01 [org.springframework.beans.factory.support.DefaultListableBeanFactory]-[DEBUG] Returning cached instance of singleton bean &apos;dataSource&apos;
2014-11-15 15:34:01 [org.springframework.beans.factory.support.DefaultListableBeanFactory]-[DEBUG] Returning cached instance of singleton bean &apos;sqlSessionFactory&apos;
2014-11-15 15:34:01 [org.springframework.beans.factory.support.DefaultListableBeanFactory]-[DEBUG] Returning cached instance of singleton bean &apos;org.mybatis.spring.mapper.MapperScannerConfigurer#0&apos;
2014-11-15 15:34:01 [org.springframework.beans.factory.support.DefaultListableBeanFactory]-[DEBUG] Creating shared instance of singleton bean &apos;transactionManager&apos;
2014-11-15 15:34:01 [org.springframework.beans.factory.support.DefaultListableBeanFactory]-[DEBUG] Creating instance of bean &apos;transactionManager&apos;
2014-11-15 15:34:01 [org.springframework.beans.factory.support.DefaultListableBeanFactory]-[DEBUG] Eagerly caching bean &apos;transactionManager&apos; to allow for resolving potential circular references
2014-11-15 15:34:01 [org.springframework.beans.CachedIntrospectionResults]-[DEBUG] Getting BeanInfo for class [org.springframework.jdbc.datasource.DataSourceTransactionManager]
2014-11-15 15:34:01 [org.springframework.beans.CachedIntrospectionResults]-[DEBUG] Caching PropertyDescriptors for class [org.springframework.jdbc.datasource.DataSourceTransactionManager]
2014-11-15 15:34:01 [org.springframework.beans.CachedIntrospectionResults]-[DEBUG] Found bean property &apos;class&apos; of type [java.lang.Class]
2014-11-15 15:34:01 [org.springframework.beans.CachedIntrospectionResults]-[DEBUG] Found bean property &apos;dataSource&apos; of type [javax.sql.DataSource]
2014-11-15 15:34:01 [org.springframework.beans.CachedIntrospectionResults]-[DEBUG] Found bean property &apos;defaultTimeout&apos; of type [int]
2014-11-15 15:34:01 [org.springframework.beans.CachedIntrospectionResults]-[DEBUG] Found bean property &apos;failEarlyOnGlobalRollbackOnly&apos; of type [boolean]
2014-11-15 15:34:01 [org.springframework.beans.CachedIntrospectionResults]-[DEBUG] Found bean property &apos;globalRollbackOnParticipationFailure&apos; of type [boolean]
2014-11-15 15:34:01 [org.springframework.beans.CachedIntrospectionResults]-[DEBUG] Found bean property &apos;nestedTransactionAllowed&apos; of type [boolean]
2014-11-15 15:34:01 [org.springframework.beans.CachedIntrospectionResults]-[DEBUG] Found bean property &apos;resourceFactory&apos; of type [java.lang.Object]
2014-11-15 15:34:01 [org.springframework.beans.CachedIntrospectionResults]-[DEBUG] Found bean property &apos;rollbackOnCommitFailure&apos; of type [boolean]
2014-11-15 15:34:01 [org.springframework.beans.CachedIntrospectionResults]-[DEBUG] Found bean property &apos;transactionSynchronization&apos; of type [int]
2014-11-15 15:34:01 [org.springframework.beans.CachedIntrospectionResults]-[DEBUG] Found bean property &apos;transactionSynchronizationName&apos; of type [java.lang.String]
2014-11-15 15:34:01 [org.springframework.beans.CachedIntrospectionResults]-[DEBUG] Found bean property &apos;validateExistingTransaction&apos; of type [boolean]
2014-11-15 15:34:01 [org.springframework.beans.factory.support.DefaultListableBeanFactory]-[DEBUG] Returning cached instance of singleton bean &apos;dataSource&apos;
2014-11-15 15:34:01 [org.springframework.beans.factory.support.DefaultListableBeanFactory]-[DEBUG] Invoking afterPropertiesSet() on bean with name &apos;transactionManager&apos;
2014-11-15 15:34:01 [org.springframework.beans.factory.support.DefaultListableBeanFactory]-[DEBUG] Finished creating instance of bean &apos;transactionManager&apos;
2014-11-15 15:34:01 [org.springframework.beans.factory.support.DefaultListableBeanFactory]-[DEBUG] Returning cached instance of singleton bean &apos;org.springframework.context.annotation.ConfigurationClassPostProcessor.importAwareProcessor&apos;
2014-11-15 15:34:01 [org.springframework.beans.factory.support.DefaultListableBeanFactory]-[DEBUG] Returning cached instance of singleton bean &apos;adminDao&apos;
2014-11-15 15:34:01 [org.springframework.beans.factory.support.DefaultListableBeanFactory]-[DEBUG] Returning cached instance of singleton bean &apos;bookDao&apos;
2014-11-15 15:34:01 [org.springframework.beans.factory.support.DefaultListableBeanFactory]-[DEBUG] Returning cached instance of singleton bean &apos;houseDao&apos;
2014-11-15 15:34:01 [org.springframework.beans.factory.support.DefaultListableBeanFactory]-[DEBUG] Returning cached instance of singleton bean &apos;typeDao&apos;
2014-11-15 15:34:01 [org.springframework.beans.factory.support.DefaultListableBeanFactory]-[DEBUG] Returning cached instance of singleton bean &apos;userDao&apos;
2014-11-15 15:34:01 [org.springframework.context.support.ClassPathXmlApplicationContext]-[DEBUG] Unable to locate LifecycleProcessor with name &apos;lifecycleProcessor&apos;: using default [org.springframework.context.support.DefaultLifecycleProcessor@11ae9510]
2014-11-15 15:34:01 [org.springframework.beans.factory.support.DefaultListableBeanFactory]-[DEBUG] Returning cached instance of singleton bean &apos;lifecycleProcessor&apos;
2014-11-15 15:34:01 [org.springframework.context.support.ClassPathXmlApplicationContext]-[DEBUG] Publishing event in org.springframework.context.support.ClassPathXmlApplicationContext@552cf9bd: org.springframework.context.event.ContextRefreshedEvent[source=org.springframework.context.support.ClassPathXmlApplicationContext@552cf9bd: startup date [Sat Nov 15 15:33:58 CST 2014]; root of context hierarchy]
2014-11-15 15:34:01 [org.springframework.beans.factory.support.DefaultListableBeanFactory]-[DEBUG] Returning cached instance of singleton bean &apos;sqlSessionFactory&apos;
2014-11-15 15:34:01 [org.springframework.core.env.PropertySourcesPropertyResolver]-[DEBUG] getProperty(&quot;spring.liveBeansView.mbeanDomain&quot;, String)
2014-11-15 15:34:01 [org.springframework.core.env.PropertySourcesPropertyResolver]-[DEBUG] Searching for key &apos;spring.liveBeansView.mbeanDomain&apos; in [systemProperties]
2014-11-15 15:34:01 [org.springframework.core.env.PropertySourcesPropertyResolver]-[DEBUG] Searching for key &apos;spring.liveBeansView.mbeanDomain&apos; in [systemEnvironment]
2014-11-15 15:34:01 [org.springframework.core.env.SystemEnvironmentPropertySource]-[DEBUG] PropertySource [systemEnvironment] does not contain &apos;spring.liveBeansView.mbeanDomain&apos;
2014-11-15 15:34:01 [org.springframework.core.env.SystemEnvironmentPropertySource]-[DEBUG] PropertySource [systemEnvironment] does not contain &apos;spring_liveBeansView_mbeanDomain&apos;
2014-11-15 15:34:01 [org.springframework.core.env.SystemEnvironmentPropertySource]-[DEBUG] PropertySource [systemEnvironment] does not contain &apos;SPRING.LIVEBEANSVIEW.MBEANDOMAIN&apos;
2014-11-15 15:34:01 [org.springframework.core.env.SystemEnvironmentPropertySource]-[DEBUG] PropertySource [systemEnvironment] does not contain &apos;SPRING_LIVEBEANSVIEW_MBEANDOMAIN&apos;
2014-11-15 15:34:01 [org.springframework.core.env.PropertySourcesPropertyResolver]-[DEBUG] Could not find key &apos;spring.liveBeansView.mbeanDomain&apos; in any property source. Returning [null]
2014-11-15 15:34:01 [org.springframework.beans.factory.support.DefaultListableBeanFactory]-[DEBUG] Returning cached instance of singleton bean &apos;adminService&apos;
2014111503-34-01
</system-out>
    <system-err>SLF4J: This version of SLF4J requires log4j version 1.2.12 or later. See also http://www.slf4j.org/codes.html#log4j_version
</system-err>
  </testcase>
</testsuite>